# Example 1
original: सोशल मीडिया पर अक्सर ऐसे वीडियोज देखने को मिल जाते हैं, जिन्हें देखने के बाद हमें अपनी आखों पर ही विश्वास नहीं होता
decoded : सोशल मीडिया पर अक्सर ऐसे वीडियोज देखने को मिल जाते हैं, जिन्हें देखने के बाद हमें अपनी आखों पर ही विश्वास नहीं होता
original: ByteRange[0:0] [intr:▁] [extr:] [mapped:] [id: 55] 
decoded : ByteRange[0:0] [intr:▁] [extr:] [id: 55] 
original: ByteRange[0:3] [intr:स] [extr:स] [mapped:स] [id: 24532] 
decoded : ByteRange[0:3] [intr:स] [extr:स] [id: 24532] 
original: ByteRange[3:6] [intr:ो] [extr:ो] [mapped:ो] [id: 24877] 
decoded : ByteRange[3:6] [intr:ो] [extr:ो] [id: 24877] 
original: ByteRange[6:9] [intr:श] [extr:श] [mapped:श] [id: 24918] 
decoded : ByteRange[6:9] [intr:श] [extr:श] [id: 24918] 
original: ByteRange[9:12] [intr:ल] [extr:ल] [mapped:ल] [id: 24589] 
decoded : ByteRange[9:12] [intr:ल] [extr:ल] [id: 24589] 
original: ByteRange[12:13] [intr:▁] [extr: ] [mapped: ] [id: 55] 
decoded : ByteRange[12:13] [intr:▁] [extr: ] [id: 55] 
original: ByteRange[13:16] [intr:म] [extr:म] [mapped:म] [id: 24467] 
decoded : ByteRange[13:16] [intr:म] [extr:म] [id: 24467] 
original: ByteRange[16:19] [intr:ी] [extr:ी] [mapped:ी] [id: 24479] 
decoded : ByteRange[16:19] [intr:ी] [extr:ी] [id: 24479] 
original: ByteRange[19:22] [intr:ड] [extr:ड] [mapped:ड] [id: 25546] 
decoded : ByteRange[19:22] [intr:ड] [extr:ड] [id: 25546] 
original: ByteRange[22:25] [intr:ि] [extr:ि] [mapped:ि] [id: 24428] 
decoded : ByteRange[22:25] [intr:ि] [extr:ि] [id: 24428] 
original: ByteRange[25:28] [intr:य] [extr:य] [mapped:य] [id: 24713] 
decoded : ByteRange[25:28] [intr:य] [extr:य] [id: 24713] 
original: ByteRange[28:31] [intr:ा] [extr:ा] [mapped:ा] [id: 24223] 
decoded : ByteRange[28:31] [intr:ा] [extr:ा] [id: 24223] 
original: ByteRange[31:32] [intr:▁] [extr: ] [mapped: ] [id: 55] 
decoded : ByteRange[31:32] [intr:▁] [extr: ] [id: 55] 
original: ByteRange[32:35] [intr:प] [extr:प] [mapped:प] [id: 24545] 
decoded : ByteRange[32:35] [intr:प] [extr:प] [id: 24545] 
original: ByteRange[35:38] [intr:र] [extr:र] [mapped:र] [id: 24296] 
decoded : ByteRange[35:38] [intr:र] [extr:र] [id: 24296] 
original: ByteRange[38:39] [intr:▁] [extr: ] [mapped: ] [id: 55] 
decoded : ByteRange[38:39] [intr:▁] [extr: ] [id: 55] 
original: ByteRange[39:42] [intr:अ] [extr:अ] [mapped:अ] [id: 25532] 
decoded : ByteRange[39:42] [intr:अ] [extr:अ] [id: 25532] 
original: ByteRange[42:45] [intr:क] [extr:क] [mapped:क] [id: 24438] 
decoded : ByteRange[42:45] [intr:क] [extr:क] [id: 24438] 
original: ByteRange[45:48] [intr:्] [extr:्] [mapped:्] [id: 24286] 
decoded : ByteRange[45:48] [intr:्] [extr:्] [id: 24286] 
original: ByteRange[48:51] [intr:स] [extr:स] [mapped:स] [id: 24532] 
decoded : ByteRange[48:51] [intr:स] [extr:स] [id: 24532] 
original: ByteRange[51:54] [intr:र] [extr:र] [mapped:र] [id: 24296] 
decoded : ByteRange[51:54] [intr:र] [extr:र] [id: 24296] 
original: ByteRange[54:55] [intr:▁] [extr: ] [mapped: ] [id: 55] 
decoded : ByteRange[54:55] [intr:▁] [extr: ] [id: 55] 
original: ByteRange[55:58] [intr:ऐ] [extr:ऐ] [mapped:ऐ] [id: 29880] 
decoded : ByteRange[55:58] [intr:ऐ] [extr:ऐ] [id: 29880] 
original: ByteRange[58:61] [intr:स] [extr:स] [mapped:स] [id: 24532] 
decoded : ByteRange[58:61] [intr:स] [extr:स] [id: 24532] 
original: ByteRange[61:64] [intr:े] [extr:े] [mapped:े] [id: 24476] 
decoded : ByteRange[61:64] [intr:े] [extr:े] [id: 24476] 
original: ByteRange[64:65] [intr:▁] [extr: ] [mapped: ] [id: 55] 
decoded : ByteRange[64:65] [intr:▁] [extr: ] [id: 55] 
original: ByteRange[65:68] [intr:व] [extr:व] [mapped:व] [id: 24568] 
decoded : ByteRange[65:68] [intr:व] [extr:व] [id: 24568] 
original: ByteRange[68:71] [intr:ी] [extr:ी] [mapped:ी] [id: 24479] 
decoded : ByteRange[68:71] [intr:ी] [extr:ी] [id: 24479] 
original: ByteRange[71:74] [intr:ड] [extr:ड] [mapped:ड] [id: 25546] 
decoded : ByteRange[71:74] [intr:ड] [extr:ड] [id: 25546] 
original: ByteRange[74:77] [intr:ि] [extr:ि] [mapped:ि] [id: 24428] 
decoded : ByteRange[74:77] [intr:ि] [extr:ि] [id: 24428] 
original: ByteRange[77:80] [intr:य] [extr:य] [mapped:य] [id: 24713] 
decoded : ByteRange[77:80] [intr:य] [extr:य] [id: 24713] 
original: ByteRange[80:83] [intr:ो] [extr:ो] [mapped:ो] [id: 24877] 
decoded : ByteRange[80:83] [intr:ो] [extr:ो] [id: 24877] 
original: ByteRange[83:86] [intr:ज] [extr:ज] [mapped:ज] [id: 25178] 
decoded : ByteRange[83:86] [intr:ज] [extr:ज] [id: 25178] 
original: ByteRange[86:87] [intr:▁] [extr: ] [mapped: ] [id: 55] 
decoded : ByteRange[86:87] [intr:▁] [extr: ] [id: 55] 
original: ByteRange[87:90] [intr:द] [extr:द] [mapped:द] [id: 24661] 
decoded : ByteRange[87:90] [intr:द] [extr:द] [id: 24661] 
original: ByteRange[90:93] [intr:े] [extr:े] [mapped:े] [id: 24476] 
decoded : ByteRange[90:93] [intr:े] [extr:े] [id: 24476] 
original: ByteRange[93:96] [intr:ख] [extr:ख] [mapped:ख] [id: 25440] 
decoded : ByteRange[93:96] [intr:ख] [extr:ख] [id: 25440] 
original: ByteRange[96:99] [intr:न] [extr:न] [mapped:न] [id: 24460] 
decoded : ByteRange[96:99] [intr:न] [extr:न] [id: 24460] 
original: ByteRange[99:102] [intr:े] [extr:े] [mapped:े] [id: 24476] 
decoded : ByteRange[99:102] [intr:े] [extr:े] [id: 24476] 
original: ByteRange[102:103] [intr:▁] [extr: ] [mapped: ] [id: 55] 
decoded : ByteRange[102:103] [intr:▁] [extr: ] [id: 55] 
original: ByteRange[103:106] [intr:क] [extr:क] [mapped:क] [id: 24438] 
decoded : ByteRange[103:106] [intr:क] [extr:क] [id: 24438] 
original: ByteRange[106:109] [intr:ो] [extr:ो] [mapped:ो] [id: 24877] 
decoded : ByteRange[106:109] [intr:ो] [extr:ो] [id: 24877] 
original: ByteRange[109:110] [intr:▁] [extr: ] [mapped: ] [id: 55] 
decoded : ByteRange[109:110] [intr:▁] [extr: ] [id: 55] 
original: ByteRange[110:113] [intr:म] [extr:म] [mapped:म] [id: 24467] 
decoded : ByteRange[110:113] [intr:म] [extr:म] [id: 24467] 
original: ByteRange[113:116] [intr:ि] [extr:ि] [mapped:ि] [id: 24428] 
decoded : ByteRange[113:116] [intr:ि] [extr:ि] [id: 24428] 
original: ByteRange[116:119] [intr:ल] [extr:ल] [mapped:ल] [id: 24589] 
decoded : ByteRange[116:119] [intr:ल] [extr:ल] [id: 24589] 
original: ByteRange[119:120] [intr:▁] [extr: ] [mapped: ] [id: 55] 
decoded : ByteRange[119:120] [intr:▁] [extr: ] [id: 55] 
original: ByteRange[120:123] [intr:ज] [extr:ज] [mapped:ज] [id: 25178] 
decoded : ByteRange[120:123] [intr:ज] [extr:ज] [id: 25178] 
original: ByteRange[123:126] [intr:ा] [extr:ा] [mapped:ा] [id: 24223] 
decoded : ByteRange[123:126] [intr:ा] [extr:ा] [id: 24223] 
original: ByteRange[126:129] [intr:त] [extr:त] [mapped:त] [id: 24418] 
decoded : ByteRange[126:129] [intr:त] [extr:त] [id: 24418] 
original: ByteRange[129:132] [intr:े] [extr:े] [mapped:े] [id: 24476] 
decoded : ByteRange[129:132] [intr:े] [extr:े] [id: 24476] 
original: ByteRange[132:133] [intr:▁] [extr: ] [mapped: ] [id: 55] 
decoded : ByteRange[132:133] [intr:▁] [extr: ] [id: 55] 
original: ByteRange[133:136] [intr:ह] [extr:ह] [mapped:ह] [id: 24708] 
decoded : ByteRange[133:136] [intr:ह] [extr:ह] [id: 24708] 
original: ByteRange[136:139] [intr:ै] [extr:ै] [mapped:ै] [id: 25597] 
decoded : ByteRange[136:139] [intr:ै] [extr:ै] [id: 25597] 
original: ByteRange[139:142] [intr:ं] [extr:ं] [mapped:ं] [id: 24671] 
decoded : ByteRange[139:142] [intr:ं] [extr:ं] [id: 24671] 
original: ByteRange[142:143] [intr:,] [extr:,] [mapped:,] [id: 3] 
decoded : ByteRange[142:143] [intr:,] [extr:,] [id: 3] 
original: ByteRange[143:144] [intr:▁] [extr: ] [mapped: ] [id: 55] 
decoded : ByteRange[143:144] [intr:▁] [extr: ] [id: 55] 
original: ByteRange[144:147] [intr:ज] [extr:ज] [mapped:ज] [id: 25178] 
decoded : ByteRange[144:147] [intr:ज] [extr:ज] [id: 25178] 
original: ByteRange[147:150] [intr:ि] [extr:ि] [mapped:ि] [id: 24428] 
decoded : ByteRange[147:150] [intr:ि] [extr:ि] [id: 24428] 
original: ByteRange[150:153] [intr:न] [extr:न] [mapped:न] [id: 24460] 
decoded : ByteRange[150:153] [intr:न] [extr:न] [id: 24460] 
original: ByteRange[153:156] [intr:्] [extr:्] [mapped:्] [id: 24286] 
decoded : ByteRange[153:156] [intr:्] [extr:्] [id: 24286] 
original: ByteRange[156:159] [intr:ह] [extr:ह] [mapped:ह] [id: 24708] 
decoded : ByteRange[156:159] [intr:ह] [extr:ह] [id: 24708] 
original: ByteRange[159:162] [intr:े] [extr:े] [mapped:े] [id: 24476] 
decoded : ByteRange[159:162] [intr:े] [extr:े] [id: 24476] 
original: ByteRange[162:165] [intr:ं] [extr:ं] [mapped:ं] [id: 24671] 
decoded : ByteRange[162:165] [intr:ं] [extr:ं] [id: 24671] 
original: ByteRange[165:166] [intr:▁] [extr: ] [mapped: ] [id: 55] 
decoded : ByteRange[165:166] [intr:▁] [extr: ] [id: 55] 
original: ByteRange[166:169] [intr:द] [extr:द] [mapped:द] [id: 24661] 
decoded : ByteRange[166:169] [intr:द] [extr:द] [id: 24661] 
original: ByteRange[169:172] [intr:े] [extr:े] [mapped:े] [id: 24476] 
decoded : ByteRange[169:172] [intr:े] [extr:े] [id: 24476] 
original: ByteRange[172:175] [intr:ख] [extr:ख] [mapped:ख] [id: 25440] 
decoded : ByteRange[172:175] [intr:ख] [extr:ख] [id: 25440] 
original: ByteRange[175:178] [intr:न] [extr:न] [mapped:न] [id: 24460] 
decoded : ByteRange[175:178] [intr:न] [extr:न] [id: 24460] 
original: ByteRange[178:181] [intr:े] [extr:े] [mapped:े] [id: 24476] 
decoded : ByteRange[178:181] [intr:े] [extr:े] [id: 24476] 
original: ByteRange[181:182] [intr:▁] [extr: ] [mapped: ] [id: 55] 
decoded : ByteRange[181:182] [intr:▁] [extr: ] [id: 55] 
original: ByteRange[182:185] [intr:क] [extr:क] [mapped:क] [id: 24438] 
decoded : ByteRange[182:185] [intr:क] [extr:क] [id: 24438] 
original: ByteRange[185:188] [intr:े] [extr:े] [mapped:े] [id: 24476] 
decoded : ByteRange[185:188] [intr:े] [extr:े] [id: 24476] 
original: ByteRange[188:189] [intr:▁] [extr: ] [mapped: ] [id: 55] 
decoded : ByteRange[188:189] [intr:▁] [extr: ] [id: 55] 
original: ByteRange[189:192] [intr:ब] [extr:ब] [mapped:ब] [id: 25176] 
decoded : ByteRange[189:192] [intr:ब] [extr:ब] [id: 25176] 
original: ByteRange[192:195] [intr:ा] [extr:ा] [mapped:ा] [id: 24223] 
decoded : ByteRange[192:195] [intr:ा] [extr:ा] [id: 24223] 
original: ByteRange[195:198] [intr:द] [extr:द] [mapped:द] [id: 24661] 
decoded : ByteRange[195:198] [intr:द] [extr:द] [id: 24661] 
original: ByteRange[198:199] [intr:▁] [extr: ] [mapped: ] [id: 55] 
decoded : ByteRange[198:199] [intr:▁] [extr: ] [id: 55] 
original: ByteRange[199:202] [intr:ह] [extr:ह] [mapped:ह] [id: 24708] 
decoded : ByteRange[199:202] [intr:ह] [extr:ह] [id: 24708] 
original: ByteRange[202:205] [intr:म] [extr:म] [mapped:म] [id: 24467] 
decoded : ByteRange[202:205] [intr:म] [extr:म] [id: 24467] 
original: ByteRange[205:208] [intr:े] [extr:े] [mapped:े] [id: 24476] 
decoded : ByteRange[205:208] [intr:े] [extr:े] [id: 24476] 
original: ByteRange[208:211] [intr:ं] [extr:ं] [mapped:ं] [id: 24671] 
decoded : ByteRange[208:211] [intr:ं] [extr:ं] [id: 24671] 
original: ByteRange[211:212] [intr:▁] [extr: ] [mapped: ] [id: 55] 
decoded : ByteRange[211:212] [intr:▁] [extr: ] [id: 55] 
original: ByteRange[212:215] [intr:अ] [extr:अ] [mapped:अ] [id: 25532] 
decoded : ByteRange[212:215] [intr:अ] [extr:अ] [id: 25532] 
original: ByteRange[215:218] [intr:प] [extr:प] [mapped:प] [id: 24545] 
decoded : ByteRange[215:218] [intr:प] [extr:प] [id: 24545] 
original: ByteRange[218:221] [intr:न] [extr:न] [mapped:न] [id: 24460] 
decoded : ByteRange[218:221] [intr:न] [extr:न] [id: 24460] 
original: ByteRange[221:224] [intr:ी] [extr:ी] [mapped:ी] [id: 24479] 
decoded : ByteRange[221:224] [intr:ी] [extr:ी] [id: 24479] 
original: ByteRange[224:225] [intr:▁] [extr: ] [mapped: ] [id: 55] 
decoded : ByteRange[224:225] [intr:▁] [extr: ] [id: 55] 
original: ByteRange[225:228] [intr:आ] [extr:आ] [mapped:आ] [id: 25930] 
decoded : ByteRange[225:228] [intr:आ] [extr:आ] [id: 25930] 
original: ByteRange[228:231] [intr:ख] [extr:ख] [mapped:ख] [id: 25440] 
decoded : ByteRange[228:231] [intr:ख] [extr:ख] [id: 25440] 
original: ByteRange[231:234] [intr:ो] [extr:ो] [mapped:ो] [id: 24877] 
decoded : ByteRange[231:234] [intr:ो] [extr:ो] [id: 24877] 
original: ByteRange[234:237] [intr:ं] [extr:ं] [mapped:ं] [id: 24671] 
decoded : ByteRange[234:237] [intr:ं] [extr:ं] [id: 24671] 
original: ByteRange[237:238] [intr:▁] [extr: ] [mapped: ] [id: 55] 
decoded : ByteRange[237:238] [intr:▁] [extr: ] [id: 55] 
original: ByteRange[238:241] [intr:प] [extr:प] [mapped:प] [id: 24545] 
decoded : ByteRange[238:241] [intr:प] [extr:प] [id: 24545] 
original: ByteRange[241:244] [intr:र] [extr:र] [mapped:र] [id: 24296] 
decoded : ByteRange[241:244] [intr:र] [extr:र] [id: 24296] 
original: ByteRange[244:245] [intr:▁] [extr: ] [mapped: ] [id: 55] 
decoded : ByteRange[244:245] [intr:▁] [extr: ] [id: 55] 
original: ByteRange[245:248] [intr:ह] [extr:ह] [mapped:ह] [id: 24708] 
decoded : ByteRange[245:248] [intr:ह] [extr:ह] [id: 24708] 
original: ByteRange[248:251] [intr:ी] [extr:ी] [mapped:ी] [id: 24479] 
decoded : ByteRange[248:251] [intr:ी] [extr:ी] [id: 24479] 
original: ByteRange[251:252] [intr:▁] [extr: ] [mapped: ] [id: 55] 
decoded : ByteRange[251:252] [intr:▁] [extr: ] [id: 55] 
original: ByteRange[252:255] [intr:व] [extr:व] [mapped:व] [id: 24568] 
decoded : ByteRange[252:255] [intr:व] [extr:व] [id: 24568] 
original: ByteRange[255:258] [intr:ि] [extr:ि] [mapped:ि] [id: 24428] 
decoded : ByteRange[255:258] [intr:ि] [extr:ि] [id: 24428] 
original: ByteRange[258:261] [intr:श] [extr:श] [mapped:श] [id: 24918] 
decoded : ByteRange[258:261] [intr:श] [extr:श] [id: 24918] 
original: ByteRange[261:264] [intr:्] [extr:्] [mapped:्] [id: 24286] 
decoded : ByteRange[261:264] [intr:्] [extr:्] [id: 24286] 
original: ByteRange[264:267] [intr:व] [extr:व] [mapped:व] [id: 24568] 
decoded : ByteRange[264:267] [intr:व] [extr:व] [id: 24568] 
original: ByteRange[267:270] [intr:ा] [extr:ा] [mapped:ा] [id: 24223] 
decoded : ByteRange[267:270] [intr:ा] [extr:ा] [id: 24223] 
original: ByteRange[270:273] [intr:स] [extr:स] [mapped:स] [id: 24532] 
decoded : ByteRange[270:273] [intr:स] [extr:स] [id: 24532] 
original: ByteRange[273:274] [intr:▁] [extr: ] [mapped: ] [id: 55] 
decoded : ByteRange[273:274] [intr:▁] [extr: ] [id: 55] 
original: ByteRange[274:277] [intr:न] [extr:न] [mapped:न] [id: 24460] 
decoded : ByteRange[274:277] [intr:न] [extr:न] [id: 24460] 
original: ByteRange[277:280] [intr:ह] [extr:ह] [mapped:ह] [id: 24708] 
decoded : ByteRange[277:280] [intr:ह] [extr:ह] [id: 24708] 
original: ByteRange[280:283] [intr:ी] [extr:ी] [mapped:ी] [id: 24479] 
decoded : ByteRange[280:283] [intr:ी] [extr:ी] [id: 24479] 
original: ByteRange[283:286] [intr:ं] [extr:ं] [mapped:ं] [id: 24671] 
decoded : ByteRange[283:286] [intr:ं] [extr:ं] [id: 24671] 
original: ByteRange[286:287] [intr:▁] [extr: ] [mapped: ] [id: 55] 
decoded : ByteRange[286:287] [intr:▁] [extr: ] [id: 55] 
original: ByteRange[287:290] [intr:ह] [extr:ह] [mapped:ह] [id: 24708] 
decoded : ByteRange[287:290] [intr:ह] [extr:ह] [id: 24708] 
original: ByteRange[290:293] [intr:ो] [extr:ो] [mapped:ो] [id: 24877] 
decoded : ByteRange[290:293] [intr:ो] [extr:ो] [id: 24877] 
original: ByteRange[293:296] [intr:त] [extr:त] [mapped:त] [id: 24418] 
decoded : ByteRange[293:296] [intr:त] [extr:त] [id: 24418] 
original: ByteRange[296:299] [intr:ा] [extr:ा] [mapped:ा] [id: 24223] 
decoded : ByteRange[296:299] [intr:ा] [extr:ा] [id: 24223] 

# Example 2
original: और कुछ वीडियोज तो ऐसे भी होते हैं, जिन्हें देखकर हम हैरान रह जाते हैं. इन दिनों सोशल मीडिया पर एक ऐसा ही वीडियो
decoded : और कुछ वीडियोज तो ऐसे भी होते हैं, जिन्हें देखकर हम हैरान रह जाते हैं. इन दिनों सोशल मीडिया पर एक ऐसा ही वीडियो
original: ByteRange[0:0] [intr:▁] [extr:] [mapped:] [id: 55] 
decoded : ByteRange[0:0] [intr:▁] [extr:] [id: 55] 
original: ByteRange[0:3] [intr:औ] [extr:औ] [mapped:औ] [id: 27880] 
decoded : ByteRange[0:3] [intr:औ] [extr:औ] [id: 27880] 
original: ByteRange[3:6] [intr:र] [extr:र] [mapped:र] [id: 24296] 
decoded : ByteRange[3:6] [intr:र] [extr:र] [id: 24296] 
original: ByteRange[6:7] [intr:▁] [extr: ] [mapped: ] [id: 55] 
decoded : ByteRange[6:7] [intr:▁] [extr: ] [id: 55] 
original: ByteRange[7:10] [intr:क] [extr:क] [mapped:क] [id: 24438] 
decoded : ByteRange[7:10] [intr:क] [extr:क] [id: 24438] 
original: ByteRange[10:13] [intr:ु] [extr:ु] [mapped:ु] [id: 24704] 
decoded : ByteRange[10:13] [intr:ु] [extr:ु] [id: 24704] 
original: ByteRange[13:16] [intr:छ] [extr:छ] [mapped:छ] [id: 27846] 
decoded : ByteRange[13:16] [intr:छ] [extr:छ] [id: 27846] 
original: ByteRange[16:17] [intr:▁] [extr: ] [mapped: ] [id: 55] 
decoded : ByteRange[16:17] [intr:▁] [extr: ] [id: 55] 
original: ByteRange[17:20] [intr:व] [extr:व] [mapped:व] [id: 24568] 
decoded : ByteRange[17:20] [intr:व] [extr:व] [id: 24568] 
original: ByteRange[20:23] [intr:ी] [extr:ी] [mapped:ी] [id: 24479] 
decoded : ByteRange[20:23] [intr:ी] [extr:ी] [id: 24479] 
original: ByteRange[23:26] [intr:ड] [extr:ड] [mapped:ड] [id: 25546] 
decoded : ByteRange[23:26] [intr:ड] [extr:ड] [id: 25546] 
original: ByteRange[26:29] [intr:ि] [extr:ि] [mapped:ि] [id: 24428] 
decoded : ByteRange[26:29] [intr:ि] [extr:ि] [id: 24428] 
original: ByteRange[29:32] [intr:य] [extr:य] [mapped:य] [id: 24713] 
decoded : ByteRange[29:32] [intr:य] [extr:य] [id: 24713] 
original: ByteRange[32:35] [intr:ो] [extr:ो] [mapped:ो] [id: 24877] 
decoded : ByteRange[32:35] [intr:ो] [extr:ो] [id: 24877] 
original: ByteRange[35:38] [intr:ज] [extr:ज] [mapped:ज] [id: 25178] 
decoded : ByteRange[35:38] [intr:ज] [extr:ज] [id: 25178] 
original: ByteRange[38:39] [intr:▁] [extr: ] [mapped: ] [id: 55] 
decoded : ByteRange[38:39] [intr:▁] [extr: ] [id: 55] 
original: ByteRange[39:42] [intr:त] [extr:त] [mapped:त] [id: 24418] 
decoded : ByteRange[39:42] [intr:त] [extr:त] [id: 24418] 
original: ByteRange[42:45] [intr:ो] [extr:ो] [mapped:ो] [id: 24877] 
decoded : ByteRange[42:45] [intr:ो] [extr:ो] [id: 24877] 
original: ByteRange[45:46] [intr:▁] [extr: ] [mapped: ] [id: 55] 
decoded : ByteRange[45:46] [intr:▁] [extr: ] [id: 55] 
original: ByteRange[46:49] [intr:ऐ] [extr:ऐ] [mapped:ऐ] [id: 29880] 
decoded : ByteRange[46:49] [intr:ऐ] [extr:ऐ] [id: 29880] 
original: ByteRange[49:52] [intr:स] [extr:स] [mapped:स] [id: 24532] 
decoded : ByteRange[49:52] [intr:स] [extr:स] [id: 24532] 
original: ByteRange[52:55] [intr:े] [extr:े] [mapped:े] [id: 24476] 
decoded : ByteRange[52:55] [intr:े] [extr:े] [id: 24476] 
original: ByteRange[55:56] [intr:▁] [extr: ] [mapped: ] [id: 55] 
decoded : ByteRange[55:56] [intr:▁] [extr: ] [id: 55] 
original: ByteRange[56:59] [intr:भ] [extr:भ] [mapped:भ] [id: 25109] 
decoded : ByteRange[56:59] [intr:भ] [extr:भ] [id: 25109] 
original: ByteRange[59:62] [intr:ी] [extr:ी] [mapped:ी] [id: 24479] 
decoded : ByteRange[59:62] [intr:ी] [extr:ी] [id: 24479] 
original: ByteRange[62:63] [intr:▁] [extr: ] [mapped: ] [id: 55] 
decoded : ByteRange[62:63] [intr:▁] [extr: ] [id: 55] 
original: ByteRange[63:66] [intr:ह] [extr:ह] [mapped:ह] [id: 24708] 
decoded : ByteRange[63:66] [intr:ह] [extr:ह] [id: 24708] 
original: ByteRange[66:69] [intr:ो] [extr:ो] [mapped:ो] [id: 24877] 
decoded : ByteRange[66:69] [intr:ो] [extr:ो] [id: 24877] 
original: ByteRange[69:72] [intr:त] [extr:त] [mapped:त] [id: 24418] 
decoded : ByteRange[69:72] [intr:त] [extr:त] [id: 24418] 
original: ByteRange[72:75] [intr:े] [extr:े] [mapped:े] [id: 24476] 
decoded : ByteRange[72:75] [intr:े] [extr:े] [id: 24476] 
original: ByteRange[75:76] [intr:▁] [extr: ] [mapped: ] [id: 55] 
decoded : ByteRange[75:76] [intr:▁] [extr: ] [id: 55] 
original: ByteRange[76:79] [intr:ह] [extr:ह] [mapped:ह] [id: 24708] 
decoded : ByteRange[76:79] [intr:ह] [extr:ह] [id: 24708] 
original: ByteRange[79:82] [intr:ै] [extr:ै] [mapped:ै] [id: 25597] 
decoded : ByteRange[79:82] [intr:ै] [extr:ै] [id: 25597] 
original: ByteRange[82:85] [intr:ं] [extr:ं] [mapped:ं] [id: 24671] 
decoded : ByteRange[82:85] [intr:ं] [extr:ं] [id: 24671] 
original: ByteRange[85:86] [intr:,] [extr:,] [mapped:,] [id: 3] 
decoded : ByteRange[85:86] [intr:,] [extr:,] [id: 3] 
original: ByteRange[86:87] [intr:▁] [extr: ] [mapped: ] [id: 55] 
decoded : ByteRange[86:87] [intr:▁] [extr: ] [id: 55] 
original: ByteRange[87:90] [intr:ज] [extr:ज] [mapped:ज] [id: 25178] 
decoded : ByteRange[87:90] [intr:ज] [extr:ज] [id: 25178] 
original: ByteRange[90:93] [intr:ि] [extr:ि] [mapped:ि] [id: 24428] 
decoded : ByteRange[90:93] [intr:ि] [extr:ि] [id: 24428] 
original: ByteRange[93:96] [intr:न] [extr:न] [mapped:न] [id: 24460] 
decoded : ByteRange[93:96] [intr:न] [extr:न] [id: 24460] 
original: ByteRange[96:99] [intr:्] [extr:्] [mapped:्] [id: 24286] 
decoded : ByteRange[96:99] [intr:्] [extr:्] [id: 24286] 
original: ByteRange[99:102] [intr:ह] [extr:ह] [mapped:ह] [id: 24708] 
decoded : ByteRange[99:102] [intr:ह] [extr:ह] [id: 24708] 
original: ByteRange[102:105] [intr:े] [extr:े] [mapped:े] [id: 24476] 
decoded : ByteRange[102:105] [intr:े] [extr:े] [id: 24476] 
original: ByteRange[105:108] [intr:ं] [extr:ं] [mapped:ं] [id: 24671] 
decoded : ByteRange[105:108] [intr:ं] [extr:ं] [id: 24671] 
original: ByteRange[108:109] [intr:▁] [extr: ] [mapped: ] [id: 55] 
decoded : ByteRange[108:109] [intr:▁] [extr: ] [id: 55] 
original: ByteRange[109:112] [intr:द] [extr:द] [mapped:द] [id: 24661] 
decoded : ByteRange[109:112] [intr:द] [extr:द] [id: 24661] 
original: ByteRange[112:115] [intr:े] [extr:े] [mapped:े] [id: 24476] 
decoded : ByteRange[112:115] [intr:े] [extr:े] [id: 24476] 
original: ByteRange[115:118] [intr:ख] [extr:ख] [mapped:ख] [id: 25440] 
decoded : ByteRange[115:118] [intr:ख] [extr:ख] [id: 25440] 
original: ByteRange[118:121] [intr:क] [extr:क] [mapped:क] [id: 24438] 
decoded : ByteRange[118:121] [intr:क] [extr:क] [id: 24438] 
original: ByteRange[121:124] [intr:र] [extr:र] [mapped:र] [id: 24296] 
decoded : ByteRange[121:124] [intr:र] [extr:र] [id: 24296] 
original: ByteRange[124:125] [intr:▁] [extr: ] [mapped: ] [id: 55] 
decoded : ByteRange[124:125] [intr:▁] [extr: ] [id: 55] 
original: ByteRange[125:128] [intr:ह] [extr:ह] [mapped:ह] [id: 24708] 
decoded : ByteRange[125:128] [intr:ह] [extr:ह] [id: 24708] 
original: ByteRange[128:131] [intr:म] [extr:म] [mapped:म] [id: 24467] 
decoded : ByteRange[128:131] [intr:म] [extr:म] [id: 24467] 
original: ByteRange[131:132] [intr:▁] [extr: ] [mapped: ] [id: 55] 
decoded : ByteRange[131:132] [intr:▁] [extr: ] [id: 55] 
original: ByteRange[132:135] [intr:ह] [extr:ह] [mapped:ह] [id: 24708] 
decoded : ByteRange[132:135] [intr:ह] [extr:ह] [id: 24708] 
original: ByteRange[135:138] [intr:ै] [extr:ै] [mapped:ै] [id: 25597] 
decoded : ByteRange[135:138] [intr:ै] [extr:ै] [id: 25597] 
original: ByteRange[138:141] [intr:र] [extr:र] [mapped:र] [id: 24296] 
decoded : ByteRange[138:141] [intr:र] [extr:र] [id: 24296] 
original: ByteRange[141:144] [intr:ा] [extr:ा] [mapped:ा] [id: 24223] 
decoded : ByteRange[141:144] [intr:ा] [extr:ा] [id: 24223] 
original: ByteRange[144:147] [intr:न] [extr:न] [mapped:न] [id: 24460] 
decoded : ByteRange[144:147] [intr:न] [extr:न] [id: 24460] 
original: ByteRange[147:148] [intr:▁] [extr: ] [mapped: ] [id: 55] 
decoded : ByteRange[147:148] [intr:▁] [extr: ] [id: 55] 
original: ByteRange[148:151] [intr:र] [extr:र] [mapped:र] [id: 24296] 
decoded : ByteRange[148:151] [intr:र] [extr:र] [id: 24296] 
original: ByteRange[151:154] [intr:ह] [extr:ह] [mapped:ह] [id: 24708] 
decoded : ByteRange[151:154] [intr:ह] [extr:ह] [id: 24708] 
original: ByteRange[154:155] [intr:▁] [extr: ] [mapped: ] [id: 55] 
decoded : ByteRange[154:155] [intr:▁] [extr: ] [id: 55] 
original: ByteRange[155:158] [intr:ज] [extr:ज] [mapped:ज] [id: 25178] 
decoded : ByteRange[155:158] [intr:ज] [extr:ज] [id: 25178] 
original: ByteRange[158:161] [intr:ा] [extr:ा] [mapped:ा] [id: 24223] 
decoded : ByteRange[158:161] [intr:ा] [extr:ा] [id: 24223] 
original: ByteRange[161:164] [intr:त] [extr:त] [mapped:त] [id: 24418] 
decoded : ByteRange[161:164] [intr:त] [extr:त] [id: 24418] 
original: ByteRange[164:167] [intr:े] [extr:े] [mapped:े] [id: 24476] 
decoded : ByteRange[164:167] [intr:े] [extr:े] [id: 24476] 
original: ByteRange[167:168] [intr:▁] [extr: ] [mapped: ] [id: 55] 
decoded : ByteRange[167:168] [intr:▁] [extr: ] [id: 55] 
original: ByteRange[168:171] [intr:ह] [extr:ह] [mapped:ह] [id: 24708] 
decoded : ByteRange[168:171] [intr:ह] [extr:ह] [id: 24708] 
original: ByteRange[171:174] [intr:ै] [extr:ै] [mapped:ै] [id: 25597] 
decoded : ByteRange[171:174] [intr:ै] [extr:ै] [id: 25597] 
original: ByteRange[174:177] [intr:ं] [extr:ं] [mapped:ं] [id: 24671] 
decoded : ByteRange[174:177] [intr:ं] [extr:ं] [id: 24671] 
original: ByteRange[177:178] [intr:.] [extr:.] [mapped:.] [id: 5] 
decoded : ByteRange[177:178] [intr:.] [extr:.] [id: 5] 
original: ByteRange[178:179] [intr:▁] [extr: ] [mapped: ] [id: 55] 
decoded : ByteRange[178:179] [intr:▁] [extr: ] [id: 55] 
original: ByteRange[179:182] [intr:इ] [extr:इ] [mapped:इ] [id: 27879] 
decoded : ByteRange[179:182] [intr:इ] [extr:इ] [id: 27879] 
original: ByteRange[182:185] [intr:न] [extr:न] [mapped:न] [id: 24460] 
decoded : ByteRange[182:185] [intr:न] [extr:न] [id: 24460] 
original: ByteRange[185:186] [intr:▁] [extr: ] [mapped: ] [id: 55] 
decoded : ByteRange[185:186] [intr:▁] [extr: ] [id: 55] 
original: ByteRange[186:189] [intr:द] [extr:द] [mapped:द] [id: 24661] 
decoded : ByteRange[186:189] [intr:द] [extr:द] [id: 24661] 
original: ByteRange[189:192] [intr:ि] [extr:ि] [mapped:ि] [id: 24428] 
decoded : ByteRange[189:192] [intr:ि] [extr:ि] [id: 24428] 
original: ByteRange[192:195] [intr:न] [extr:न] [mapped:न] [id: 24460] 
decoded : ByteRange[192:195] [intr:न] [extr:न] [id: 24460] 
original: ByteRange[195:198] [intr:ो] [extr:ो] [mapped:ो] [id: 24877] 
decoded : ByteRange[195:198] [intr:ो] [extr:ो] [id: 24877] 
original: ByteRange[198:201] [intr:ं] [extr:ं] [mapped:ं] [id: 24671] 
decoded : ByteRange[198:201] [intr:ं] [extr:ं] [id: 24671] 
original: ByteRange[201:202] [intr:▁] [extr: ] [mapped: ] [id: 55] 
decoded : ByteRange[201:202] [intr:▁] [extr: ] [id: 55] 
original: ByteRange[202:205] [intr:स] [extr:स] [mapped:स] [id: 24532] 
decoded : ByteRange[202:205] [intr:स] [extr:स] [id: 24532] 
original: ByteRange[205:208] [intr:ो] [extr:ो] [mapped:ो] [id: 24877] 
decoded : ByteRange[205:208] [intr:ो] [extr:ो] [id: 24877] 
original: ByteRange[208:211] [intr:श] [extr:श] [mapped:श] [id: 24918] 
decoded : ByteRange[208:211] [intr:श] [extr:श] [id: 24918] 
original: ByteRange[211:214] [intr:ल] [extr:ल] [mapped:ल] [id: 24589] 
decoded : ByteRange[211:214] [intr:ल] [extr:ल] [id: 24589] 
original: ByteRange[214:215] [intr:▁] [extr: ] [mapped: ] [id: 55] 
decoded : ByteRange[214:215] [intr:▁] [extr: ] [id: 55] 
original: ByteRange[215:218] [intr:म] [extr:म] [mapped:म] [id: 24467] 
decoded : ByteRange[215:218] [intr:म] [extr:म] [id: 24467] 
original: ByteRange[218:221] [intr:ी] [extr:ी] [mapped:ी] [id: 24479] 
decoded : ByteRange[218:221] [intr:ी] [extr:ी] [id: 24479] 
original: ByteRange[221:224] [intr:ड] [extr:ड] [mapped:ड] [id: 25546] 
decoded : ByteRange[221:224] [intr:ड] [extr:ड] [id: 25546] 
original: ByteRange[224:227] [intr:ि] [extr:ि] [mapped:ि] [id: 24428] 
decoded : ByteRange[224:227] [intr:ि] [extr:ि] [id: 24428] 
original: ByteRange[227:230] [intr:य] [extr:य] [mapped:य] [id: 24713] 
decoded : ByteRange[227:230] [intr:य] [extr:य] [id: 24713] 
original: ByteRange[230:233] [intr:ा] [extr:ा] [mapped:ा] [id: 24223] 
decoded : ByteRange[230:233] [intr:ा] [extr:ा] [id: 24223] 
original: ByteRange[233:234] [intr:▁] [extr: ] [mapped: ] [id: 55] 
decoded : ByteRange[233:234] [intr:▁] [extr: ] [id: 55] 
original: ByteRange[234:237] [intr:प] [extr:प] [mapped:प] [id: 24545] 
decoded : ByteRange[234:237] [intr:प] [extr:प] [id: 24545] 
original: ByteRange[237:240] [intr:र] [extr:र] [mapped:र] [id: 24296] 
decoded : ByteRange[237:240] [intr:र] [extr:र] [id: 24296] 
original: ByteRange[240:241] [intr:▁] [extr: ] [mapped: ] [id: 55] 
decoded : ByteRange[240:241] [intr:▁] [extr: ] [id: 55] 
original: ByteRange[241:244] [intr:ए] [extr:ए] [mapped:ए] [id: 26393] 
decoded : ByteRange[241:244] [intr:ए] [extr:ए] [id: 26393] 
original: ByteRange[244:247] [intr:क] [extr:क] [mapped:क] [id: 24438] 
decoded : ByteRange[244:247] [intr:क] [extr:क] [id: 24438] 
original: ByteRange[247:248] [intr:▁] [extr: ] [mapped: ] [id: 55] 
decoded : ByteRange[247:248] [intr:▁] [extr: ] [id: 55] 
original: ByteRange[248:251] [intr:ऐ] [extr:ऐ] [mapped:ऐ] [id: 29880] 
decoded : ByteRange[248:251] [intr:ऐ] [extr:ऐ] [id: 29880] 
original: ByteRange[251:254] [intr:स] [extr:स] [mapped:स] [id: 24532] 
decoded : ByteRange[251:254] [intr:स] [extr:स] [id: 24532] 
original: ByteRange[254:257] [intr:ा] [extr:ा] [mapped:ा] [id: 24223] 
decoded : ByteRange[254:257] [intr:ा] [extr:ा] [id: 24223] 
original: ByteRange[257:258] [intr:▁] [extr: ] [mapped: ] [id: 55] 
decoded : ByteRange[257:258] [intr:▁] [extr: ] [id: 55] 
original: ByteRange[258:261] [intr:ह] [extr:ह] [mapped:ह] [id: 24708] 
decoded : ByteRange[258:261] [intr:ह] [extr:ह] [id: 24708] 
original: ByteRange[261:264] [intr:ी] [extr:ी] [mapped:ी] [id: 24479] 
decoded : ByteRange[261:264] [intr:ी] [extr:ी] [id: 24479] 
original: ByteRange[264:265] [intr:▁] [extr: ] [mapped: ] [id: 55] 
decoded : ByteRange[264:265] [intr:▁] [extr: ] [id: 55] 
original: ByteRange[265:268] [intr:व] [extr:व] [mapped:व] [id: 24568] 
decoded : ByteRange[265:268] [intr:व] [extr:व] [id: 24568] 
original: ByteRange[268:271] [intr:ी] [extr:ी] [mapped:ी] [id: 24479] 
decoded : ByteRange[268:271] [intr:ी] [extr:ी] [id: 24479] 
original: ByteRange[271:274] [intr:ड] [extr:ड] [mapped:ड] [id: 25546] 
decoded : ByteRange[271:274] [intr:ड] [extr:ड] [id: 25546] 
original: ByteRange[274:277] [intr:ि] [extr:ि] [mapped:ि] [id: 24428] 
decoded : ByteRange[274:277] [intr:ि] [extr:ि] [id: 24428] 
original: ByteRange[277:280] [intr:य] [extr:य] [mapped:य] [id: 24713] 
decoded : ByteRange[277:280] [intr:य] [extr:य] [id: 24713] 
original: ByteRange[280:283] [intr:ो] [extr:ो] [mapped:ो] [id: 24877] 
decoded : ByteRange[280:283] [intr:ो] [extr:ो] [id: 24877] 

# Example 3
original: वायरल हो रहा है, जिसे देखकर आप हैरान रह जाएंगे. क्या आपने कभी ऐसा सुना या देखा है कि किसी कुत्ते या किसी भी जानवर
decoded : वायरल हो रहा है, जिसे देखकर आप हैरान रह जाएंगे. क्या आपने कभी ऐसा सुना या देखा है कि किसी कुत्ते या किसी भी जानवर
original: ByteRange[0:0] [intr:▁] [extr:] [mapped:] [id: 55] 
decoded : ByteRange[0:0] [intr:▁] [extr:] [id: 55] 
original: ByteRange[0:3] [intr:व] [extr:व] [mapped:व] [id: 24568] 
decoded : ByteRange[0:3] [intr:व] [extr:व] [id: 24568] 
original: ByteRange[3:6] [intr:ा] [extr:ा] [mapped:ा] [id: 24223] 
decoded : ByteRange[3:6] [intr:ा] [extr:ा] [id: 24223] 
original: ByteRange[6:9] [intr:य] [extr:य] [mapped:य] [id: 24713] 
decoded : ByteRange[6:9] [intr:य] [extr:य] [id: 24713] 
original: ByteRange[9:12] [intr:र] [extr:र] [mapped:र] [id: 24296] 
decoded : ByteRange[9:12] [intr:र] [extr:र] [id: 24296] 
original: ByteRange[12:15] [intr:ल] [extr:ल] [mapped:ल] [id: 24589] 
decoded : ByteRange[12:15] [intr:ल] [extr:ल] [id: 24589] 
original: ByteRange[15:16] [intr:▁] [extr: ] [mapped: ] [id: 55] 
decoded : ByteRange[15:16] [intr:▁] [extr: ] [id: 55] 
original: ByteRange[16:19] [intr:ह] [extr:ह] [mapped:ह] [id: 24708] 
decoded : ByteRange[16:19] [intr:ह] [extr:ह] [id: 24708] 
original: ByteRange[19:22] [intr:ो] [extr:ो] [mapped:ो] [id: 24877] 
decoded : ByteRange[19:22] [intr:ो] [extr:ो] [id: 24877] 
original: ByteRange[22:23] [intr:▁] [extr: ] [mapped: ] [id: 55] 
decoded : ByteRange[22:23] [intr:▁] [extr: ] [id: 55] 
original: ByteRange[23:26] [intr:र] [extr:र] [mapped:र] [id: 24296] 
decoded : ByteRange[23:26] [intr:र] [extr:र] [id: 24296] 
original: ByteRange[26:29] [intr:ह] [extr:ह] [mapped:ह] [id: 24708] 
decoded : ByteRange[26:29] [intr:ह] [extr:ह] [id: 24708] 
original: ByteRange[29:32] [intr:ा] [extr:ा] [mapped:ा] [id: 24223] 
decoded : ByteRange[29:32] [intr:ा] [extr:ा] [id: 24223] 
original: ByteRange[32:33] [intr:▁] [extr: ] [mapped: ] [id: 55] 
decoded : ByteRange[32:33] [intr:▁] [extr: ] [id: 55] 
original: ByteRange[33:36] [intr:ह] [extr:ह] [mapped:ह] [id: 24708] 
decoded : ByteRange[33:36] [intr:ह] [extr:ह] [id: 24708] 
original: ByteRange[36:39] [intr:ै] [extr:ै] [mapped:ै] [id: 25597] 
decoded : ByteRange[36:39] [intr:ै] [extr:ै] [id: 25597] 
original: ByteRange[39:40] [intr:,] [extr:,] [mapped:,] [id: 3] 
decoded : ByteRange[39:40] [intr:,] [extr:,] [id: 3] 
original: ByteRange[40:41] [intr:▁] [extr: ] [mapped: ] [id: 55] 
decoded : ByteRange[40:41] [intr:▁] [extr: ] [id: 55] 
original: ByteRange[41:44] [intr:ज] [extr:ज] [mapped:ज] [id: 25178] 
decoded : ByteRange[41:44] [intr:ज] [extr:ज] [id: 25178] 
original: ByteRange[44:47] [intr:ि] [extr:ि] [mapped:ि] [id: 24428] 
decoded : ByteRange[44:47] [intr:ि] [extr:ि] [id: 24428] 
original: ByteRange[47:50] [intr:स] [extr:स] [mapped:स] [id: 24532] 
decoded : ByteRange[47:50] [intr:स] [extr:स] [id: 24532] 
original: ByteRange[50:53] [intr:े] [extr:े] [mapped:े] [id: 24476] 
decoded : ByteRange[50:53] [intr:े] [extr:े] [id: 24476] 
original: ByteRange[53:54] [intr:▁] [extr: ] [mapped: ] [id: 55] 
decoded : ByteRange[53:54] [intr:▁] [extr: ] [id: 55] 
original: ByteRange[54:57] [intr:द] [extr:द] [mapped:द] [id: 24661] 
decoded : ByteRange[54:57] [intr:द] [extr:द] [id: 24661] 
original: ByteRange[57:60] [intr:े] [extr:े] [mapped:े] [id: 24476] 
decoded : ByteRange[57:60] [intr:े] [extr:े] [id: 24476] 
original: ByteRange[60:63] [intr:ख] [extr:ख] [mapped:ख] [id: 25440] 
decoded : ByteRange[60:63] [intr:ख] [extr:ख] [id: 25440] 
original: ByteRange[63:66] [intr:क] [extr:क] [mapped:क] [id: 24438] 
decoded : ByteRange[63:66] [intr:क] [extr:क] [id: 24438] 
original: ByteRange[66:69] [intr:र] [extr:र] [mapped:र] [id: 24296] 
decoded : ByteRange[66:69] [intr:र] [extr:र] [id: 24296] 
original: ByteRange[69:70] [intr:▁] [extr: ] [mapped: ] [id: 55] 
decoded : ByteRange[69:70] [intr:▁] [extr: ] [id: 55] 
original: ByteRange[70:73] [intr:आ] [extr:आ] [mapped:आ] [id: 25930] 
decoded : ByteRange[70:73] [intr:आ] [extr:आ] [id: 25930] 
original: ByteRange[73:76] [intr:प] [extr:प] [mapped:प] [id: 24545] 
decoded : ByteRange[73:76] [intr:प] [extr:प] [id: 24545] 
original: ByteRange[76:77] [intr:▁] [extr: ] [mapped: ] [id: 55] 
decoded : ByteRange[76:77] [intr:▁] [extr: ] [id: 55] 
original: ByteRange[77:80] [intr:ह] [extr:ह] [mapped:ह] [id: 24708] 
decoded : ByteRange[77:80] [intr:ह] [extr:ह] [id: 24708] 
original: ByteRange[80:83] [intr:ै] [extr:ै] [mapped:ै] [id: 25597] 
decoded : ByteRange[80:83] [intr:ै] [extr:ै] [id: 25597] 
original: ByteRange[83:86] [intr:र] [extr:र] [mapped:र] [id: 24296] 
decoded : ByteRange[83:86] [intr:र] [extr:र] [id: 24296] 
original: ByteRange[86:89] [intr:ा] [extr:ा] [mapped:ा] [id: 24223] 
decoded : ByteRange[86:89] [intr:ा] [extr:ा] [id: 24223] 
original: ByteRange[89:92] [intr:न] [extr:न] [mapped:न] [id: 24460] 
decoded : ByteRange[89:92] [intr:न] [extr:न] [id: 24460] 
original: ByteRange[92:93] [intr:▁] [extr: ] [mapped: ] [id: 55] 
decoded : ByteRange[92:93] [intr:▁] [extr: ] [id: 55] 
original: ByteRange[93:96] [intr:र] [extr:र] [mapped:र] [id: 24296] 
decoded : ByteRange[93:96] [intr:र] [extr:र] [id: 24296] 
original: ByteRange[96:99] [intr:ह] [extr:ह] [mapped:ह] [id: 24708] 
decoded : ByteRange[96:99] [intr:ह] [extr:ह] [id: 24708] 
original: ByteRange[99:100] [intr:▁] [extr: ] [mapped: ] [id: 55] 
decoded : ByteRange[99:100] [intr:▁] [extr: ] [id: 55] 
original: ByteRange[100:103] [intr:ज] [extr:ज] [mapped:ज] [id: 25178] 
decoded : ByteRange[100:103] [intr:ज] [extr:ज] [id: 25178] 
original: ByteRange[103:106] [intr:ा] [extr:ा] [mapped:ा] [id: 24223] 
decoded : ByteRange[103:106] [intr:ा] [extr:ा] [id: 24223] 
original: ByteRange[106:109] [intr:ए] [extr:ए] [mapped:ए] [id: 26393] 
decoded : ByteRange[106:109] [intr:ए] [extr:ए] [id: 26393] 
original: ByteRange[109:112] [intr:ं] [extr:ं] [mapped:ं] [id: 24671] 
decoded : ByteRange[109:112] [intr:ं] [extr:ं] [id: 24671] 
original: ByteRange[112:115] [intr:ग] [extr:ग] [mapped:ग] [id: 24843] 
decoded : ByteRange[112:115] [intr:ग] [extr:ग] [id: 24843] 
original: ByteRange[115:118] [intr:े] [extr:े] [mapped:े] [id: 24476] 
decoded : ByteRange[115:118] [intr:े] [extr:े] [id: 24476] 
original: ByteRange[118:119] [intr:.] [extr:.] [mapped:.] [id: 5] 
decoded : ByteRange[118:119] [intr:.] [extr:.] [id: 5] 
original: ByteRange[119:120] [intr:▁] [extr: ] [mapped: ] [id: 55] 
decoded : ByteRange[119:120] [intr:▁] [extr: ] [id: 55] 
original: ByteRange[120:123] [intr:क] [extr:क] [mapped:क] [id: 24438] 
decoded : ByteRange[120:123] [intr:क] [extr:क] [id: 24438] 
original: ByteRange[123:126] [intr:्] [extr:्] [mapped:्] [id: 24286] 
decoded : ByteRange[123:126] [intr:्] [extr:्] [id: 24286] 
original: ByteRange[126:129] [intr:य] [extr:य] [mapped:य] [id: 24713] 
decoded : ByteRange[126:129] [intr:य] [extr:य] [id: 24713] 
original: ByteRange[129:132] [intr:ा] [extr:ा] [mapped:ा] [id: 24223] 
decoded : ByteRange[129:132] [intr:ा] [extr:ा] [id: 24223] 
original: ByteRange[132:133] [intr:▁] [extr: ] [mapped: ] [id: 55] 
decoded : ByteRange[132:133] [intr:▁] [extr: ] [id: 55] 
original: ByteRange[133:136] [intr:आ] [extr:आ] [mapped:आ] [id: 25930] 
decoded : ByteRange[133:136] [intr:आ] [extr:आ] [id: 25930] 
original: ByteRange[136:139] [intr:प] [extr:प] [mapped:प] [id: 24545] 
decoded : ByteRange[136:139] [intr:प] [extr:प] [id: 24545] 
original: ByteRange[139:142] [intr:न] [extr:न] [mapped:न] [id: 24460] 
decoded : ByteRange[139:142] [intr:न] [extr:न] [id: 24460] 
original: ByteRange[142:145] [intr:े] [extr:े] [mapped:े] [id: 24476] 
decoded : ByteRange[142:145] [intr:े] [extr:े] [id: 24476] 
original: ByteRange[145:146] [intr:▁] [extr: ] [mapped: ] [id: 55] 
decoded : ByteRange[145:146] [intr:▁] [extr: ] [id: 55] 
original: ByteRange[146:149] [intr:क] [extr:क] [mapped:क] [id: 24438] 
decoded : ByteRange[146:149] [intr:क] [extr:क] [id: 24438] 
original: ByteRange[149:152] [intr:भ] [extr:भ] [mapped:भ] [id: 25109] 
decoded : ByteRange[149:152] [intr:भ] [extr:भ] [id: 25109] 
original: ByteRange[152:155] [intr:ी] [extr:ी] [mapped:ी] [id: 24479] 
decoded : ByteRange[152:155] [intr:ी] [extr:ी] [id: 24479] 
original: ByteRange[155:156] [intr:▁] [extr: ] [mapped: ] [id: 55] 
decoded : ByteRange[155:156] [intr:▁] [extr: ] [id: 55] 
original: ByteRange[156:159] [intr:ऐ] [extr:ऐ] [mapped:ऐ] [id: 29880] 
decoded : ByteRange[156:159] [intr:ऐ] [extr:ऐ] [id: 29880] 
original: ByteRange[159:162] [intr:स] [extr:स] [mapped:स] [id: 24532] 
decoded : ByteRange[159:162] [intr:स] [extr:स] [id: 24532] 
original: ByteRange[162:165] [intr:ा] [extr:ा] [mapped:ा] [id: 24223] 
decoded : ByteRange[162:165] [intr:ा] [extr:ा] [id: 24223] 
original: ByteRange[165:166] [intr:▁] [extr: ] [mapped: ] [id: 55] 
decoded : ByteRange[165:166] [intr:▁] [extr: ] [id: 55] 
original: ByteRange[166:169] [intr:स] [extr:स] [mapped:स] [id: 24532] 
decoded : ByteRange[166:169] [intr:स] [extr:स] [id: 24532] 
original: ByteRange[169:172] [intr:ु] [extr:ु] [mapped:ु] [id: 24704] 
decoded : ByteRange[169:172] [intr:ु] [extr:ु] [id: 24704] 
original: ByteRange[172:175] [intr:न] [extr:न] [mapped:न] [id: 24460] 
decoded : ByteRange[172:175] [intr:न] [extr:न] [id: 24460] 
original: ByteRange[175:178] [intr:ा] [extr:ा] [mapped:ा] [id: 24223] 
decoded : ByteRange[175:178] [intr:ा] [extr:ा] [id: 24223] 
original: ByteRange[178:179] [intr:▁] [extr: ] [mapped: ] [id: 55] 
decoded : ByteRange[178:179] [intr:▁] [extr: ] [id: 55] 
original: ByteRange[179:182] [intr:य] [extr:य] [mapped:य] [id: 24713] 
decoded : ByteRange[179:182] [intr:य] [extr:य] [id: 24713] 
original: ByteRange[182:185] [intr:ा] [extr:ा] [mapped:ा] [id: 24223] 
decoded : ByteRange[182:185] [intr:ा] [extr:ा] [id: 24223] 
original: ByteRange[185:186] [intr:▁] [extr: ] [mapped: ] [id: 55] 
decoded : ByteRange[185:186] [intr:▁] [extr: ] [id: 55] 
original: ByteRange[186:189] [intr:द] [extr:द] [mapped:द] [id: 24661] 
decoded : ByteRange[186:189] [intr:द] [extr:द] [id: 24661] 
original: ByteRange[189:192] [intr:े] [extr:े] [mapped:े] [id: 24476] 
decoded : ByteRange[189:192] [intr:े] [extr:े] [id: 24476] 
original: ByteRange[192:195] [intr:ख] [extr:ख] [mapped:ख] [id: 25440] 
decoded : ByteRange[192:195] [intr:ख] [extr:ख] [id: 25440] 
original: ByteRange[195:198] [intr:ा] [extr:ा] [mapped:ा] [id: 24223] 
decoded : ByteRange[195:198] [intr:ा] [extr:ा] [id: 24223] 
original: ByteRange[198:199] [intr:▁] [extr: ] [mapped: ] [id: 55] 
decoded : ByteRange[198:199] [intr:▁] [extr: ] [id: 55] 
original: ByteRange[199:202] [intr:ह] [extr:ह] [mapped:ह] [id: 24708] 
decoded : ByteRange[199:202] [intr:ह] [extr:ह] [id: 24708] 
original: ByteRange[202:205] [intr:ै] [extr:ै] [mapped:ै] [id: 25597] 
decoded : ByteRange[202:205] [intr:ै] [extr:ै] [id: 25597] 
original: ByteRange[205:206] [intr:▁] [extr: ] [mapped: ] [id: 55] 
decoded : ByteRange[205:206] [intr:▁] [extr: ] [id: 55] 
original: ByteRange[206:209] [intr:क] [extr:क] [mapped:क] [id: 24438] 
decoded : ByteRange[206:209] [intr:क] [extr:क] [id: 24438] 
original: ByteRange[209:212] [intr:ि] [extr:ि] [mapped:ि] [id: 24428] 
decoded : ByteRange[209:212] [intr:ि] [extr:ि] [id: 24428] 
original: ByteRange[212:213] [intr:▁] [extr: ] [mapped: ] [id: 55] 
decoded : ByteRange[212:213] [intr:▁] [extr: ] [id: 55] 
original: ByteRange[213:216] [intr:क] [extr:क] [mapped:क] [id: 24438] 
decoded : ByteRange[213:216] [intr:क] [extr:क] [id: 24438] 
original: ByteRange[216:219] [intr:ि] [extr:ि] [mapped:ि] [id: 24428] 
decoded : ByteRange[216:219] [intr:ि] [extr:ि] [id: 24428] 
original: ByteRange[219:222] [intr:स] [extr:स] [mapped:स] [id: 24532] 
decoded : ByteRange[219:222] [intr:स] [extr:स] [id: 24532] 
original: ByteRange[222:225] [intr:ी] [extr:ी] [mapped:ी] [id: 24479] 
decoded : ByteRange[222:225] [intr:ी] [extr:ी] [id: 24479] 
original: ByteRange[225:226] [intr:▁] [extr: ] [mapped: ] [id: 55] 
decoded : ByteRange[225:226] [intr:▁] [extr: ] [id: 55] 
original: ByteRange[226:229] [intr:क] [extr:क] [mapped:क] [id: 24438] 
decoded : ByteRange[226:229] [intr:क] [extr:क] [id: 24438] 
original: ByteRange[229:232] [intr:ु] [extr:ु] [mapped:ु] [id: 24704] 
decoded : ByteRange[229:232] [intr:ु] [extr:ु] [id: 24704] 
original: ByteRange[232:235] [intr:त] [extr:त] [mapped:त] [id: 24418] 
decoded : ByteRange[232:235] [intr:त] [extr:त] [id: 24418] 
original: ByteRange[235:238] [intr:्] [extr:्] [mapped:्] [id: 24286] 
decoded : ByteRange[235:238] [intr:्] [extr:्] [id: 24286] 
original: ByteRange[238:241] [intr:त] [extr:त] [mapped:त] [id: 24418] 
decoded : ByteRange[238:241] [intr:त] [extr:त] [id: 24418] 
original: ByteRange[241:244] [intr:े] [extr:े] [mapped:े] [id: 24476] 
decoded : ByteRange[241:244] [intr:े] [extr:े] [id: 24476] 
original: ByteRange[244:245] [intr:▁] [extr: ] [mapped: ] [id: 55] 
decoded : ByteRange[244:245] [intr:▁] [extr: ] [id: 55] 
original: ByteRange[245:248] [intr:य] [extr:य] [mapped:य] [id: 24713] 
decoded : ByteRange[245:248] [intr:य] [extr:य] [id: 24713] 
original: ByteRange[248:251] [intr:ा] [extr:ा] [mapped:ा] [id: 24223] 
decoded : ByteRange[248:251] [intr:ा] [extr:ा] [id: 24223] 
original: ByteRange[251:252] [intr:▁] [extr: ] [mapped: ] [id: 55] 
decoded : ByteRange[251:252] [intr:▁] [extr: ] [id: 55] 
original: ByteRange[252:255] [intr:क] [extr:क] [mapped:क] [id: 24438] 
decoded : ByteRange[252:255] [intr:क] [extr:क] [id: 24438] 
original: ByteRange[255:258] [intr:ि] [extr:ि] [mapped:ि] [id: 24428] 
decoded : ByteRange[255:258] [intr:ि] [extr:ि] [id: 24428] 
original: ByteRange[258:261] [intr:स] [extr:स] [mapped:स] [id: 24532] 
decoded : ByteRange[258:261] [intr:स] [extr:स] [id: 24532] 
original: ByteRange[261:264] [intr:ी] [extr:ी] [mapped:ी] [id: 24479] 
decoded : ByteRange[261:264] [intr:ी] [extr:ी] [id: 24479] 
original: ByteRange[264:265] [intr:▁] [extr: ] [mapped: ] [id: 55] 
decoded : ByteRange[264:265] [intr:▁] [extr: ] [id: 55] 
original: ByteRange[265:268] [intr:भ] [extr:भ] [mapped:भ] [id: 25109] 
decoded : ByteRange[265:268] [intr:भ] [extr:भ] [id: 25109] 
original: ByteRange[268:271] [intr:ी] [extr:ी] [mapped:ी] [id: 24479] 
decoded : ByteRange[268:271] [intr:ी] [extr:ी] [id: 24479] 
original: ByteRange[271:272] [intr:▁] [extr: ] [mapped: ] [id: 55] 
decoded : ByteRange[271:272] [intr:▁] [extr: ] [id: 55] 
original: ByteRange[272:275] [intr:ज] [extr:ज] [mapped:ज] [id: 25178] 
decoded : ByteRange[272:275] [intr:ज] [extr:ज] [id: 25178] 
original: ByteRange[275:278] [intr:ा] [extr:ा] [mapped:ा] [id: 24223] 
decoded : ByteRange[275:278] [intr:ा] [extr:ा] [id: 24223] 
original: ByteRange[278:281] [intr:न] [extr:न] [mapped:न] [id: 24460] 
decoded : ByteRange[278:281] [intr:न] [extr:न] [id: 24460] 
original: ByteRange[281:284] [intr:व] [extr:व] [mapped:व] [id: 24568] 
decoded : ByteRange[281:284] [intr:व] [extr:व] [id: 24568] 
original: ByteRange[284:287] [intr:र] [extr:र] [mapped:र] [id: 24296] 
decoded : ByteRange[284:287] [intr:र] [extr:र] [id: 24296] 

# Example 4
original: को चोट लगी हो और वह खुद ही अपना इलाज कराने डॉक्टर के पास पहुंच गया हो ? आप सोच रहे होंगे कि भला की कुत्ता खुद
decoded : को चोट लगी हो और वह खुद ही अपना इलाज कराने डॉक्टर के पास पहुंच गया हो ? आप सोच रहे होंगे कि भला की कुत्ता खुद
original: ByteRange[0:0] [intr:▁] [extr:] [mapped:] [id: 55] 
decoded : ByteRange[0:0] [intr:▁] [extr:] [id: 55] 
original: ByteRange[0:3] [intr:क] [extr:क] [mapped:क] [id: 24438] 
decoded : ByteRange[0:3] [intr:क] [extr:क] [id: 24438] 
original: ByteRange[3:6] [intr:ो] [extr:ो] [mapped:ो] [id: 24877] 
decoded : ByteRange[3:6] [intr:ो] [extr:ो] [id: 24877] 
original: ByteRange[6:7] [intr:▁] [extr: ] [mapped: ] [id: 55] 
decoded : ByteRange[6:7] [intr:▁] [extr: ] [id: 55] 
original: ByteRange[7:10] [intr:च] [extr:च] [mapped:च] [id: 25095] 
decoded : ByteRange[7:10] [intr:च] [extr:च] [id: 25095] 
original: ByteRange[10:13] [intr:ो] [extr:ो] [mapped:ो] [id: 24877] 
decoded : ByteRange[10:13] [intr:ो] [extr:ो] [id: 24877] 
original: ByteRange[13:16] [intr:ट] [extr:ट] [mapped:ट] [id: 25441] 
decoded : ByteRange[13:16] [intr:ट] [extr:ट] [id: 25441] 
original: ByteRange[16:17] [intr:▁] [extr: ] [mapped: ] [id: 55] 
decoded : ByteRange[16:17] [intr:▁] [extr: ] [id: 55] 
original: ByteRange[17:20] [intr:ल] [extr:ल] [mapped:ल] [id: 24589] 
decoded : ByteRange[17:20] [intr:ल] [extr:ल] [id: 24589] 
original: ByteRange[20:23] [intr:ग] [extr:ग] [mapped:ग] [id: 24843] 
decoded : ByteRange[20:23] [intr:ग] [extr:ग] [id: 24843] 
original: ByteRange[23:26] [intr:ी] [extr:ी] [mapped:ी] [id: 24479] 
decoded : ByteRange[23:26] [intr:ी] [extr:ी] [id: 24479] 
original: ByteRange[26:27] [intr:▁] [extr: ] [mapped: ] [id: 55] 
decoded : ByteRange[26:27] [intr:▁] [extr: ] [id: 55] 
original: ByteRange[27:30] [intr:ह] [extr:ह] [mapped:ह] [id: 24708] 
decoded : ByteRange[27:30] [intr:ह] [extr:ह] [id: 24708] 
original: ByteRange[30:33] [intr:ो] [extr:ो] [mapped:ो] [id: 24877] 
decoded : ByteRange[30:33] [intr:ो] [extr:ो] [id: 24877] 
original: ByteRange[33:34] [intr:▁] [extr: ] [mapped: ] [id: 55] 
decoded : ByteRange[33:34] [intr:▁] [extr: ] [id: 55] 
original: ByteRange[34:37] [intr:औ] [extr:औ] [mapped:औ] [id: 27880] 
decoded : ByteRange[34:37] [intr:औ] [extr:औ] [id: 27880] 
original: ByteRange[37:40] [intr:र] [extr:र] [mapped:र] [id: 24296] 
decoded : ByteRange[37:40] [intr:र] [extr:र] [id: 24296] 
original: ByteRange[40:41] [intr:▁] [extr: ] [mapped: ] [id: 55] 
decoded : ByteRange[40:41] [intr:▁] [extr: ] [id: 55] 
original: ByteRange[41:44] [intr:व] [extr:व] [mapped:व] [id: 24568] 
decoded : ByteRange[41:44] [intr:व] [extr:व] [id: 24568] 
original: ByteRange[44:47] [intr:ह] [extr:ह] [mapped:ह] [id: 24708] 
decoded : ByteRange[44:47] [intr:ह] [extr:ह] [id: 24708] 
original: ByteRange[47:48] [intr:▁] [extr: ] [mapped: ] [id: 55] 
decoded : ByteRange[47:48] [intr:▁] [extr: ] [id: 55] 
original: ByteRange[48:51] [intr:ख] [extr:ख] [mapped:ख] [id: 25440] 
decoded : ByteRange[48:51] [intr:ख] [extr:ख] [id: 25440] 
original: ByteRange[51:54] [intr:ु] [extr:ु] [mapped:ु] [id: 24704] 
decoded : ByteRange[51:54] [intr:ु] [extr:ु] [id: 24704] 
original: ByteRange[54:57] [intr:द] [extr:द] [mapped:द] [id: 24661] 
decoded : ByteRange[54:57] [intr:द] [extr:द] [id: 24661] 
original: ByteRange[57:58] [intr:▁] [extr: ] [mapped: ] [id: 55] 
decoded : ByteRange[57:58] [intr:▁] [extr: ] [id: 55] 
original: ByteRange[58:61] [intr:ह] [extr:ह] [mapped:ह] [id: 24708] 
decoded : ByteRange[58:61] [intr:ह] [extr:ह] [id: 24708] 
original: ByteRange[61:64] [intr:ी] [extr:ी] [mapped:ी] [id: 24479] 
decoded : ByteRange[61:64] [intr:ी] [extr:ी] [id: 24479] 
original: ByteRange[64:65] [intr:▁] [extr: ] [mapped: ] [id: 55] 
decoded : ByteRange[64:65] [intr:▁] [extr: ] [id: 55] 
original: ByteRange[65:68] [intr:अ] [extr:अ] [mapped:अ] [id: 25532] 
decoded : ByteRange[65:68] [intr:अ] [extr:अ] [id: 25532] 
original: ByteRange[68:71] [intr:प] [extr:प] [mapped:प] [id: 24545] 
decoded : ByteRange[68:71] [intr:प] [extr:प] [id: 24545] 
original: ByteRange[71:74] [intr:न] [extr:न] [mapped:न] [id: 24460] 
decoded : ByteRange[71:74] [intr:न] [extr:न] [id: 24460] 
original: ByteRange[74:77] [intr:ा] [extr:ा] [mapped:ा] [id: 24223] 
decoded : ByteRange[74:77] [intr:ा] [extr:ा] [id: 24223] 
original: ByteRange[77:78] [intr:▁] [extr: ] [mapped: ] [id: 55] 
decoded : ByteRange[77:78] [intr:▁] [extr: ] [id: 55] 
original: ByteRange[78:81] [intr:इ] [extr:इ] [mapped:इ] [id: 27879] 
decoded : ByteRange[78:81] [intr:इ] [extr:इ] [id: 27879] 
original: ByteRange[81:84] [intr:ल] [extr:ल] [mapped:ल] [id: 24589] 
decoded : ByteRange[81:84] [intr:ल] [extr:ल] [id: 24589] 
original: ByteRange[84:87] [intr:ा] [extr:ा] [mapped:ा] [id: 24223] 
decoded : ByteRange[84:87] [intr:ा] [extr:ा] [id: 24223] 
original: ByteRange[87:90] [intr:ज] [extr:ज] [mapped:ज] [id: 25178] 
decoded : ByteRange[87:90] [intr:ज] [extr:ज] [id: 25178] 
original: ByteRange[90:91] [intr:▁] [extr: ] [mapped: ] [id: 55] 
decoded : ByteRange[90:91] [intr:▁] [extr: ] [id: 55] 
original: ByteRange[91:94] [intr:क] [extr:क] [mapped:क] [id: 24438] 
decoded : ByteRange[91:94] [intr:क] [extr:क] [id: 24438] 
original: ByteRange[94:97] [intr:र] [extr:र] [mapped:र] [id: 24296] 
decoded : ByteRange[94:97] [intr:र] [extr:र] [id: 24296] 
original: ByteRange[97:100] [intr:ा] [extr:ा] [mapped:ा] [id: 24223] 
decoded : ByteRange[97:100] [intr:ा] [extr:ा] [id: 24223] 
original: ByteRange[100:103] [intr:न] [extr:न] [mapped:न] [id: 24460] 
decoded : ByteRange[100:103] [intr:न] [extr:न] [id: 24460] 
original: ByteRange[103:106] [intr:े] [extr:े] [mapped:े] [id: 24476] 
decoded : ByteRange[103:106] [intr:े] [extr:े] [id: 24476] 
original: ByteRange[106:107] [intr:▁] [extr: ] [mapped: ] [id: 55] 
decoded : ByteRange[106:107] [intr:▁] [extr: ] [id: 55] 
original: ByteRange[107:110] [intr:ड] [extr:ड] [mapped:ड] [id: 25546] 
decoded : ByteRange[107:110] [intr:ड] [extr:ड] [id: 25546] 
original: ByteRange[110:113] [intr:ॉ] [extr:ॉ] [mapped:ॉ] [id: 27645] 
decoded : ByteRange[110:113] [intr:ॉ] [extr:ॉ] [id: 27645] 
original: ByteRange[113:116] [intr:क] [extr:क] [mapped:क] [id: 24438] 
decoded : ByteRange[113:116] [intr:क] [extr:क] [id: 24438] 
original: ByteRange[116:119] [intr:्] [extr:्] [mapped:्] [id: 24286] 
decoded : ByteRange[116:119] [intr:्] [extr:्] [id: 24286] 
original: ByteRange[119:122] [intr:ट] [extr:ट] [mapped:ट] [id: 25441] 
decoded : ByteRange[119:122] [intr:ट] [extr:ट] [id: 25441] 
original: ByteRange[122:125] [intr:र] [extr:र] [mapped:र] [id: 24296] 
decoded : ByteRange[122:125] [intr:र] [extr:र] [id: 24296] 
original: ByteRange[125:126] [intr:▁] [extr: ] [mapped: ] [id: 55] 
decoded : ByteRange[125:126] [intr:▁] [extr: ] [id: 55] 
original: ByteRange[126:129] [intr:क] [extr:क] [mapped:क] [id: 24438] 
decoded : ByteRange[126:129] [intr:क] [extr:क] [id: 24438] 
original: ByteRange[129:132] [intr:े] [extr:े] [mapped:े] [id: 24476] 
decoded : ByteRange[129:132] [intr:े] [extr:े] [id: 24476] 
original: ByteRange[132:133] [intr:▁] [extr: ] [mapped: ] [id: 55] 
decoded : ByteRange[132:133] [intr:▁] [extr: ] [id: 55] 
original: ByteRange[133:136] [intr:प] [extr:प] [mapped:प] [id: 24545] 
decoded : ByteRange[133:136] [intr:प] [extr:प] [id: 24545] 
original: ByteRange[136:139] [intr:ा] [extr:ा] [mapped:ा] [id: 24223] 
decoded : ByteRange[136:139] [intr:ा] [extr:ा] [id: 24223] 
original: ByteRange[139:142] [intr:स] [extr:स] [mapped:स] [id: 24532] 
decoded : ByteRange[139:142] [intr:स] [extr:स] [id: 24532] 
original: ByteRange[142:143] [intr:▁] [extr: ] [mapped: ] [id: 55] 
decoded : ByteRange[142:143] [intr:▁] [extr: ] [id: 55] 
original: ByteRange[143:146] [intr:प] [extr:प] [mapped:प] [id: 24545] 
decoded : ByteRange[143:146] [intr:प] [extr:प] [id: 24545] 
original: ByteRange[146:149] [intr:ह] [extr:ह] [mapped:ह] [id: 24708] 
decoded : ByteRange[146:149] [intr:ह] [extr:ह] [id: 24708] 
original: ByteRange[149:152] [intr:ु] [extr:ु] [mapped:ु] [id: 24704] 
decoded : ByteRange[149:152] [intr:ु] [extr:ु] [id: 24704] 
original: ByteRange[152:155] [intr:ं] [extr:ं] [mapped:ं] [id: 24671] 
decoded : ByteRange[152:155] [intr:ं] [extr:ं] [id: 24671] 
original: ByteRange[155:158] [intr:च] [extr:च] [mapped:च] [id: 25095] 
decoded : ByteRange[155:158] [intr:च] [extr:च] [id: 25095] 
original: ByteRange[158:159] [intr:▁] [extr: ] [mapped: ] [id: 55] 
decoded : ByteRange[158:159] [intr:▁] [extr: ] [id: 55] 
original: ByteRange[159:162] [intr:ग] [extr:ग] [mapped:ग] [id: 24843] 
decoded : ByteRange[159:162] [intr:ग] [extr:ग] [id: 24843] 
original: ByteRange[162:165] [intr:य] [extr:य] [mapped:य] [id: 24713] 
decoded : ByteRange[162:165] [intr:य] [extr:य] [id: 24713] 
original: ByteRange[165:168] [intr:ा] [extr:ा] [mapped:ा] [id: 24223] 
decoded : ByteRange[165:168] [intr:ा] [extr:ा] [id: 24223] 
original: ByteRange[168:169] [intr:▁] [extr: ] [mapped: ] [id: 55] 
decoded : ByteRange[168:169] [intr:▁] [extr: ] [id: 55] 
original: ByteRange[169:172] [intr:ह] [extr:ह] [mapped:ह] [id: 24708] 
decoded : ByteRange[169:172] [intr:ह] [extr:ह] [id: 24708] 
original: ByteRange[172:175] [intr:ो] [extr:ो] [mapped:ो] [id: 24877] 
decoded : ByteRange[172:175] [intr:ो] [extr:ो] [id: 24877] 
original: ByteRange[175:176] [intr:▁] [extr: ] [mapped: ] [id: 55] 
decoded : ByteRange[175:176] [intr:▁] [extr: ] [id: 55] 
original: ByteRange[176:177] [intr:?] [extr:?] [mapped:?] [id: 68] 
decoded : ByteRange[176:177] [intr:?] [extr:?] [id: 68] 
original: ByteRange[177:178] [intr:▁] [extr: ] [mapped: ] [id: 55] 
decoded : ByteRange[177:178] [intr:▁] [extr: ] [id: 55] 
original: ByteRange[178:181] [intr:आ] [extr:आ] [mapped:आ] [id: 25930] 
decoded : ByteRange[178:181] [intr:आ] [extr:आ] [id: 25930] 
original: ByteRange[181:184] [intr:प] [extr:प] [mapped:प] [id: 24545] 
decoded : ByteRange[181:184] [intr:प] [extr:प] [id: 24545] 
original: ByteRange[184:185] [intr:▁] [extr: ] [mapped: ] [id: 55] 
decoded : ByteRange[184:185] [intr:▁] [extr: ] [id: 55] 
original: ByteRange[185:188] [intr:स] [extr:स] [mapped:स] [id: 24532] 
decoded : ByteRange[185:188] [intr:स] [extr:स] [id: 24532] 
original: ByteRange[188:191] [intr:ो] [extr:ो] [mapped:ो] [id: 24877] 
decoded : ByteRange[188:191] [intr:ो] [extr:ो] [id: 24877] 
original: ByteRange[191:194] [intr:च] [extr:च] [mapped:च] [id: 25095] 
decoded : ByteRange[191:194] [intr:च] [extr:च] [id: 25095] 
original: ByteRange[194:195] [intr:▁] [extr: ] [mapped: ] [id: 55] 
decoded : ByteRange[194:195] [intr:▁] [extr: ] [id: 55] 
original: ByteRange[195:198] [intr:र] [extr:र] [mapped:र] [id: 24296] 
decoded : ByteRange[195:198] [intr:र] [extr:र] [id: 24296] 
original: ByteRange[198:201] [intr:ह] [extr:ह] [mapped:ह] [id: 24708] 
decoded : ByteRange[198:201] [intr:ह] [extr:ह] [id: 24708] 
original: ByteRange[201:204] [intr:े] [extr:े] [mapped:े] [id: 24476] 
decoded : ByteRange[201:204] [intr:े] [extr:े] [id: 24476] 
original: ByteRange[204:205] [intr:▁] [extr: ] [mapped: ] [id: 55] 
decoded : ByteRange[204:205] [intr:▁] [extr: ] [id: 55] 
original: ByteRange[205:208] [intr:ह] [extr:ह] [mapped:ह] [id: 24708] 
decoded : ByteRange[205:208] [intr:ह] [extr:ह] [id: 24708] 
original: ByteRange[208:211] [intr:ो] [extr:ो] [mapped:ो] [id: 24877] 
decoded : ByteRange[208:211] [intr:ो] [extr:ो] [id: 24877] 
original: ByteRange[211:214] [intr:ं] [extr:ं] [mapped:ं] [id: 24671] 
decoded : ByteRange[211:214] [intr:ं] [extr:ं] [id: 24671] 
original: ByteRange[214:217] [intr:ग] [extr:ग] [mapped:ग] [id: 24843] 
decoded : ByteRange[214:217] [intr:ग] [extr:ग] [id: 24843] 
original: ByteRange[217:220] [intr:े] [extr:े] [mapped:े] [id: 24476] 
decoded : ByteRange[217:220] [intr:े] [extr:े] [id: 24476] 
original: ByteRange[220:221] [intr:▁] [extr: ] [mapped: ] [id: 55] 
decoded : ByteRange[220:221] [intr:▁] [extr: ] [id: 55] 
original: ByteRange[221:224] [intr:क] [extr:क] [mapped:क] [id: 24438] 
decoded : ByteRange[221:224] [intr:क] [extr:क] [id: 24438] 
original: ByteRange[224:227] [intr:ि] [extr:ि] [mapped:ि] [id: 24428] 
decoded : ByteRange[224:227] [intr:ि] [extr:ि] [id: 24428] 
original: ByteRange[227:228] [intr:▁] [extr: ] [mapped: ] [id: 55] 
decoded : ByteRange[227:228] [intr:▁] [extr: ] [id: 55] 
original: ByteRange[228:231] [intr:भ] [extr:भ] [mapped:भ] [id: 25109] 
decoded : ByteRange[228:231] [intr:भ] [extr:भ] [id: 25109] 
original: ByteRange[231:234] [intr:ल] [extr:ल] [mapped:ल] [id: 24589] 
decoded : ByteRange[231:234] [intr:ल] [extr:ल] [id: 24589] 
original: ByteRange[234:237] [intr:ा] [extr:ा] [mapped:ा] [id: 24223] 
decoded : ByteRange[234:237] [intr:ा] [extr:ा] [id: 24223] 
original: ByteRange[237:238] [intr:▁] [extr: ] [mapped: ] [id: 55] 
decoded : ByteRange[237:238] [intr:▁] [extr: ] [id: 55] 
original: ByteRange[238:241] [intr:क] [extr:क] [mapped:क] [id: 24438] 
decoded : ByteRange[238:241] [intr:क] [extr:क] [id: 24438] 
original: ByteRange[241:244] [intr:ी] [extr:ी] [mapped:ी] [id: 24479] 
decoded : ByteRange[241:244] [intr:ी] [extr:ी] [id: 24479] 
original: ByteRange[244:245] [intr:▁] [extr: ] [mapped: ] [id: 55] 
decoded : ByteRange[244:245] [intr:▁] [extr: ] [id: 55] 
original: ByteRange[245:248] [intr:क] [extr:क] [mapped:क] [id: 24438] 
decoded : ByteRange[245:248] [intr:क] [extr:क] [id: 24438] 
original: ByteRange[248:251] [intr:ु] [extr:ु] [mapped:ु] [id: 24704] 
decoded : ByteRange[248:251] [intr:ु] [extr:ु] [id: 24704] 
original: ByteRange[251:254] [intr:त] [extr:त] [mapped:त] [id: 24418] 
decoded : ByteRange[251:254] [intr:त] [extr:त] [id: 24418] 
original: ByteRange[254:257] [intr:्] [extr:्] [mapped:्] [id: 24286] 
decoded : ByteRange[254:257] [intr:्] [extr:्] [id: 24286] 
original: ByteRange[257:260] [intr:त] [extr:त] [mapped:त] [id: 24418] 
decoded : ByteRange[257:260] [intr:त] [extr:त] [id: 24418] 
original: ByteRange[260:263] [intr:ा] [extr:ा] [mapped:ा] [id: 24223] 
decoded : ByteRange[260:263] [intr:ा] [extr:ा] [id: 24223] 
original: ByteRange[263:264] [intr:▁] [extr: ] [mapped: ] [id: 55] 
decoded : ByteRange[263:264] [intr:▁] [extr: ] [id: 55] 
original: ByteRange[264:267] [intr:ख] [extr:ख] [mapped:ख] [id: 25440] 
decoded : ByteRange[264:267] [intr:ख] [extr:ख] [id: 25440] 
original: ByteRange[267:270] [intr:ु] [extr:ु] [mapped:ु] [id: 24704] 
decoded : ByteRange[267:270] [intr:ु] [extr:ु] [id: 24704] 
original: ByteRange[270:273] [intr:द] [extr:द] [mapped:द] [id: 24661] 
decoded : ByteRange[270:273] [intr:द] [extr:द] [id: 24661] 

# Example 5
original: डॉक्टर के पास इलाज के लिए कैसे जा सकता है. लेकिन, अब सोशल मीडिया पर जो वीडियो वायरल हो रहा है, इसमें ऐसा ही
decoded : डॉक्टर के पास इलाज के लिए कैसे जा सकता है. लेकिन, अब सोशल मीडिया पर जो वीडियो वायरल हो रहा है, इसमें ऐसा ही
original: ByteRange[0:0] [intr:▁] [extr:] [mapped:] [id: 55] 
decoded : ByteRange[0:0] [intr:▁] [extr:] [id: 55] 
original: ByteRange[0:3] [intr:ड] [extr:ड] [mapped:ड] [id: 25546] 
decoded : ByteRange[0:3] [intr:ड] [extr:ड] [id: 25546] 
original: ByteRange[3:6] [intr:ॉ] [extr:ॉ] [mapped:ॉ] [id: 27645] 
decoded : ByteRange[3:6] [intr:ॉ] [extr:ॉ] [id: 27645] 
original: ByteRange[6:9] [intr:क] [extr:क] [mapped:क] [id: 24438] 
decoded : ByteRange[6:9] [intr:क] [extr:क] [id: 24438] 
original: ByteRange[9:12] [intr:्] [extr:्] [mapped:्] [id: 24286] 
decoded : ByteRange[9:12] [intr:्] [extr:्] [id: 24286] 
original: ByteRange[12:15] [intr:ट] [extr:ट] [mapped:ट] [id: 25441] 
decoded : ByteRange[12:15] [intr:ट] [extr:ट] [id: 25441] 
original: ByteRange[15:18] [intr:र] [extr:र] [mapped:र] [id: 24296] 
decoded : ByteRange[15:18] [intr:र] [extr:र] [id: 24296] 
original: ByteRange[18:19] [intr:▁] [extr: ] [mapped: ] [id: 55] 
decoded : ByteRange[18:19] [intr:▁] [extr: ] [id: 55] 
original: ByteRange[19:22] [intr:क] [extr:क] [mapped:क] [id: 24438] 
decoded : ByteRange[19:22] [intr:क] [extr:क] [id: 24438] 
original: ByteRange[22:25] [intr:े] [extr:े] [mapped:े] [id: 24476] 
decoded : ByteRange[22:25] [intr:े] [extr:े] [id: 24476] 
original: ByteRange[25:26] [intr:▁] [extr: ] [mapped: ] [id: 55] 
decoded : ByteRange[25:26] [intr:▁] [extr: ] [id: 55] 
original: ByteRange[26:29] [intr:प] [extr:प] [mapped:प] [id: 24545] 
decoded : ByteRange[26:29] [intr:प] [extr:प] [id: 24545] 
original: ByteRange[29:32] [intr:ा] [extr:ा] [mapped:ा] [id: 24223] 
decoded : ByteRange[29:32] [intr:ा] [extr:ा] [id: 24223] 
original: ByteRange[32:35] [intr:स] [extr:स] [mapped:स] [id: 24532] 
decoded : ByteRange[32:35] [intr:स] [extr:स] [id: 24532] 
original: ByteRange[35:36] [intr:▁] [extr: ] [mapped: ] [id: 55] 
decoded : ByteRange[35:36] [intr:▁] [extr: ] [id: 55] 
original: ByteRange[36:39] [intr:इ] [extr:इ] [mapped:इ] [id: 27879] 
decoded : ByteRange[36:39] [intr:इ] [extr:इ] [id: 27879] 
original: ByteRange[39:42] [intr:ल] [extr:ल] [mapped:ल] [id: 24589] 
decoded : ByteRange[39:42] [intr:ल] [extr:ल] [id: 24589] 
original: ByteRange[42:45] [intr:ा] [extr:ा] [mapped:ा] [id: 24223] 
decoded : ByteRange[42:45] [intr:ा] [extr:ा] [id: 24223] 
original: ByteRange[45:48] [intr:ज] [extr:ज] [mapped:ज] [id: 25178] 
decoded : ByteRange[45:48] [intr:ज] [extr:ज] [id: 25178] 
original: ByteRange[48:49] [intr:▁] [extr: ] [mapped: ] [id: 55] 
decoded : ByteRange[48:49] [intr:▁] [extr: ] [id: 55] 
original: ByteRange[49:52] [intr:क] [extr:क] [mapped:क] [id: 24438] 
decoded : ByteRange[49:52] [intr:क] [extr:क] [id: 24438] 
original: ByteRange[52:55] [intr:े] [extr:े] [mapped:े] [id: 24476] 
decoded : ByteRange[52:55] [intr:े] [extr:े] [id: 24476] 
original: ByteRange[55:56] [intr:▁] [extr: ] [mapped: ] [id: 55] 
decoded : ByteRange[55:56] [intr:▁] [extr: ] [id: 55] 
original: ByteRange[56:59] [intr:ल] [extr:ल] [mapped:ल] [id: 24589] 
decoded : ByteRange[56:59] [intr:ल] [extr:ल] [id: 24589] 
original: ByteRange[59:62] [intr:ि] [extr:ि] [mapped:ि] [id: 24428] 
decoded : ByteRange[59:62] [intr:ि] [extr:ि] [id: 24428] 
original: ByteRange[62:65] [intr:ए] [extr:ए] [mapped:ए] [id: 26393] 
decoded : ByteRange[62:65] [intr:ए] [extr:ए] [id: 26393] 
original: ByteRange[65:66] [intr:▁] [extr: ] [mapped: ] [id: 55] 
decoded : ByteRange[65:66] [intr:▁] [extr: ] [id: 55] 
original: ByteRange[66:69] [intr:क] [extr:क] [mapped:क] [id: 24438] 
decoded : ByteRange[66:69] [intr:क] [extr:क] [id: 24438] 
original: ByteRange[69:72] [intr:ै] [extr:ै] [mapped:ै] [id: 25597] 
decoded : ByteRange[69:72] [intr:ै] [extr:ै] [id: 25597] 
original: ByteRange[72:75] [intr:स] [extr:स] [mapped:स] [id: 24532] 
decoded : ByteRange[72:75] [intr:स] [extr:स] [id: 24532] 
original: ByteRange[75:78] [intr:े] [extr:े] [mapped:े] [id: 24476] 
decoded : ByteRange[75:78] [intr:े] [extr:े] [id: 24476] 
original: ByteRange[78:79] [intr:▁] [extr: ] [mapped: ] [id: 55] 
decoded : ByteRange[78:79] [intr:▁] [extr: ] [id: 55] 
original: ByteRange[79:82] [intr:ज] [extr:ज] [mapped:ज] [id: 25178] 
decoded : ByteRange[79:82] [intr:ज] [extr:ज] [id: 25178] 
original: ByteRange[82:85] [intr:ा] [extr:ा] [mapped:ा] [id: 24223] 
decoded : ByteRange[82:85] [intr:ा] [extr:ा] [id: 24223] 
original: ByteRange[85:86] [intr:▁] [extr: ] [mapped: ] [id: 55] 
decoded : ByteRange[85:86] [intr:▁] [extr: ] [id: 55] 
original: ByteRange[86:89] [intr:स] [extr:स] [mapped:स] [id: 24532] 
decoded : ByteRange[86:89] [intr:स] [extr:स] [id: 24532] 
original: ByteRange[89:92] [intr:क] [extr:क] [mapped:क] [id: 24438] 
decoded : ByteRange[89:92] [intr:क] [extr:क] [id: 24438] 
original: ByteRange[92:95] [intr:त] [extr:त] [mapped:त] [id: 24418] 
decoded : ByteRange[92:95] [intr:त] [extr:त] [id: 24418] 
original: ByteRange[95:98] [intr:ा] [extr:ा] [mapped:ा] [id: 24223] 
decoded : ByteRange[95:98] [intr:ा] [extr:ा] [id: 24223] 
original: ByteRange[98:99] [intr:▁] [extr: ] [mapped: ] [id: 55] 
decoded : ByteRange[98:99] [intr:▁] [extr: ] [id: 55] 
original: ByteRange[99:102] [intr:ह] [extr:ह] [mapped:ह] [id: 24708] 
decoded : ByteRange[99:102] [intr:ह] [extr:ह] [id: 24708] 
original: ByteRange[102:105] [intr:ै] [extr:ै] [mapped:ै] [id: 25597] 
decoded : ByteRange[102:105] [intr:ै] [extr:ै] [id: 25597] 
original: ByteRange[105:106] [intr:.] [extr:.] [mapped:.] [id: 5] 
decoded : ByteRange[105:106] [intr:.] [extr:.] [id: 5] 
original: ByteRange[106:107] [intr:▁] [extr: ] [mapped: ] [id: 55] 
decoded : ByteRange[106:107] [intr:▁] [extr: ] [id: 55] 
original: ByteRange[107:110] [intr:ल] [extr:ल] [mapped:ल] [id: 24589] 
decoded : ByteRange[107:110] [intr:ल] [extr:ल] [id: 24589] 
original: ByteRange[110:113] [intr:े] [extr:े] [mapped:े] [id: 24476] 
decoded : ByteRange[110:113] [intr:े] [extr:े] [id: 24476] 
original: ByteRange[113:116] [intr:क] [extr:क] [mapped:क] [id: 24438] 
decoded : ByteRange[113:116] [intr:क] [extr:क] [id: 24438] 
original: ByteRange[116:119] [intr:ि] [extr:ि] [mapped:ि] [id: 24428] 
decoded : ByteRange[116:119] [intr:ि] [extr:ि] [id: 24428] 
original: ByteRange[119:122] [intr:न] [extr:न] [mapped:न] [id: 24460] 
decoded : ByteRange[119:122] [intr:न] [extr:न] [id: 24460] 
original: ByteRange[122:123] [intr:,] [extr:,] [mapped:,] [id: 3] 
decoded : ByteRange[122:123] [intr:,] [extr:,] [id: 3] 
original: ByteRange[123:124] [intr:▁] [extr: ] [mapped: ] [id: 55] 
decoded : ByteRange[123:124] [intr:▁] [extr: ] [id: 55] 
original: ByteRange[124:127] [intr:अ] [extr:अ] [mapped:अ] [id: 25532] 
decoded : ByteRange[124:127] [intr:अ] [extr:अ] [id: 25532] 
original: ByteRange[127:130] [intr:ब] [extr:ब] [mapped:ब] [id: 25176] 
decoded : ByteRange[127:130] [intr:ब] [extr:ब] [id: 25176] 
original: ByteRange[130:131] [intr:▁] [extr: ] [mapped: ] [id: 55] 
decoded : ByteRange[130:131] [intr:▁] [extr: ] [id: 55] 
original: ByteRange[131:134] [intr:स] [extr:स] [mapped:स] [id: 24532] 
decoded : ByteRange[131:134] [intr:स] [extr:स] [id: 24532] 
original: ByteRange[134:137] [intr:ो] [extr:ो] [mapped:ो] [id: 24877] 
decoded : ByteRange[134:137] [intr:ो] [extr:ो] [id: 24877] 
original: ByteRange[137:140] [intr:श] [extr:श] [mapped:श] [id: 24918] 
decoded : ByteRange[137:140] [intr:श] [extr:श] [id: 24918] 
original: ByteRange[140:143] [intr:ल] [extr:ल] [mapped:ल] [id: 24589] 
decoded : ByteRange[140:143] [intr:ल] [extr:ल] [id: 24589] 
original: ByteRange[143:144] [intr:▁] [extr: ] [mapped: ] [id: 55] 
decoded : ByteRange[143:144] [intr:▁] [extr: ] [id: 55] 
original: ByteRange[144:147] [intr:म] [extr:म] [mapped:म] [id: 24467] 
decoded : ByteRange[144:147] [intr:म] [extr:म] [id: 24467] 
original: ByteRange[147:150] [intr:ी] [extr:ी] [mapped:ी] [id: 24479] 
decoded : ByteRange[147:150] [intr:ी] [extr:ी] [id: 24479] 
original: ByteRange[150:153] [intr:ड] [extr:ड] [mapped:ड] [id: 25546] 
decoded : ByteRange[150:153] [intr:ड] [extr:ड] [id: 25546] 
original: ByteRange[153:156] [intr:ि] [extr:ि] [mapped:ि] [id: 24428] 
decoded : ByteRange[153:156] [intr:ि] [extr:ि] [id: 24428] 
original: ByteRange[156:159] [intr:य] [extr:य] [mapped:य] [id: 24713] 
decoded : ByteRange[156:159] [intr:य] [extr:य] [id: 24713] 
original: ByteRange[159:162] [intr:ा] [extr:ा] [mapped:ा] [id: 24223] 
decoded : ByteRange[159:162] [intr:ा] [extr:ा] [id: 24223] 
original: ByteRange[162:163] [intr:▁] [extr: ] [mapped: ] [id: 55] 
decoded : ByteRange[162:163] [intr:▁] [extr: ] [id: 55] 
original: ByteRange[163:166] [intr:प] [extr:प] [mapped:प] [id: 24545] 
decoded : ByteRange[163:166] [intr:प] [extr:प] [id: 24545] 
original: ByteRange[166:169] [intr:र] [extr:र] [mapped:र] [id: 24296] 
decoded : ByteRange[166:169] [intr:र] [extr:र] [id: 24296] 
original: ByteRange[169:170] [intr:▁] [extr: ] [mapped: ] [id: 55] 
decoded : ByteRange[169:170] [intr:▁] [extr: ] [id: 55] 
original: ByteRange[170:173] [intr:ज] [extr:ज] [mapped:ज] [id: 25178] 
decoded : ByteRange[170:173] [intr:ज] [extr:ज] [id: 25178] 
original: ByteRange[173:176] [intr:ो] [extr:ो] [mapped:ो] [id: 24877] 
decoded : ByteRange[173:176] [intr:ो] [extr:ो] [id: 24877] 
original: ByteRange[176:177] [intr:▁] [extr: ] [mapped: ] [id: 55] 
decoded : ByteRange[176:177] [intr:▁] [extr: ] [id: 55] 
original: ByteRange[177:180] [intr:व] [extr:व] [mapped:व] [id: 24568] 
decoded : ByteRange[177:180] [intr:व] [extr:व] [id: 24568] 
original: ByteRange[180:183] [intr:ी] [extr:ी] [mapped:ी] [id: 24479] 
decoded : ByteRange[180:183] [intr:ी] [extr:ी] [id: 24479] 
original: ByteRange[183:186] [intr:ड] [extr:ड] [mapped:ड] [id: 25546] 
decoded : ByteRange[183:186] [intr:ड] [extr:ड] [id: 25546] 
original: ByteRange[186:189] [intr:ि] [extr:ि] [mapped:ि] [id: 24428] 
decoded : ByteRange[186:189] [intr:ि] [extr:ि] [id: 24428] 
original: ByteRange[189:192] [intr:य] [extr:य] [mapped:य] [id: 24713] 
decoded : ByteRange[189:192] [intr:य] [extr:य] [id: 24713] 
original: ByteRange[192:195] [intr:ो] [extr:ो] [mapped:ो] [id: 24877] 
decoded : ByteRange[192:195] [intr:ो] [extr:ो] [id: 24877] 
original: ByteRange[195:196] [intr:▁] [extr: ] [mapped: ] [id: 55] 
decoded : ByteRange[195:196] [intr:▁] [extr: ] [id: 55] 
original: ByteRange[196:199] [intr:व] [extr:व] [mapped:व] [id: 24568] 
decoded : ByteRange[196:199] [intr:व] [extr:व] [id: 24568] 
original: ByteRange[199:202] [intr:ा] [extr:ा] [mapped:ा] [id: 24223] 
decoded : ByteRange[199:202] [intr:ा] [extr:ा] [id: 24223] 
original: ByteRange[202:205] [intr:य] [extr:य] [mapped:य] [id: 24713] 
decoded : ByteRange[202:205] [intr:य] [extr:य] [id: 24713] 
original: ByteRange[205:208] [intr:र] [extr:र] [mapped:र] [id: 24296] 
decoded : ByteRange[205:208] [intr:र] [extr:र] [id: 24296] 
original: ByteRange[208:211] [intr:ल] [extr:ल] [mapped:ल] [id: 24589] 
decoded : ByteRange[208:211] [intr:ल] [extr:ल] [id: 24589] 
original: ByteRange[211:212] [intr:▁] [extr: ] [mapped: ] [id: 55] 
decoded : ByteRange[211:212] [intr:▁] [extr: ] [id: 55] 
original: ByteRange[212:215] [intr:ह] [extr:ह] [mapped:ह] [id: 24708] 
decoded : ByteRange[212:215] [intr:ह] [extr:ह] [id: 24708] 
original: ByteRange[215:218] [intr:ो] [extr:ो] [mapped:ो] [id: 24877] 
decoded : ByteRange[215:218] [intr:ो] [extr:ो] [id: 24877] 
original: ByteRange[218:219] [intr:▁] [extr: ] [mapped: ] [id: 55] 
decoded : ByteRange[218:219] [intr:▁] [extr: ] [id: 55] 
original: ByteRange[219:222] [intr:र] [extr:र] [mapped:र] [id: 24296] 
decoded : ByteRange[219:222] [intr:र] [extr:र] [id: 24296] 
original: ByteRange[222:225] [intr:ह] [extr:ह] [mapped:ह] [id: 24708] 
decoded : ByteRange[222:225] [intr:ह] [extr:ह] [id: 24708] 
original: ByteRange[225:228] [intr:ा] [extr:ा] [mapped:ा] [id: 24223] 
decoded : ByteRange[225:228] [intr:ा] [extr:ा] [id: 24223] 
original: ByteRange[228:229] [intr:▁] [extr: ] [mapped: ] [id: 55] 
decoded : ByteRange[228:229] [intr:▁] [extr: ] [id: 55] 
original: ByteRange[229:232] [intr:ह] [extr:ह] [mapped:ह] [id: 24708] 
decoded : ByteRange[229:232] [intr:ह] [extr:ह] [id: 24708] 
original: ByteRange[232:235] [intr:ै] [extr:ै] [mapped:ै] [id: 25597] 
decoded : ByteRange[232:235] [intr:ै] [extr:ै] [id: 25597] 
original: ByteRange[235:236] [intr:,] [extr:,] [mapped:,] [id: 3] 
decoded : ByteRange[235:236] [intr:,] [extr:,] [id: 3] 
original: ByteRange[236:237] [intr:▁] [extr: ] [mapped: ] [id: 55] 
decoded : ByteRange[236:237] [intr:▁] [extr: ] [id: 55] 
original: ByteRange[237:240] [intr:इ] [extr:इ] [mapped:इ] [id: 27879] 
decoded : ByteRange[237:240] [intr:इ] [extr:इ] [id: 27879] 
original: ByteRange[240:243] [intr:स] [extr:स] [mapped:स] [id: 24532] 
decoded : ByteRange[240:243] [intr:स] [extr:स] [id: 24532] 
original: ByteRange[243:246] [intr:म] [extr:म] [mapped:म] [id: 24467] 
decoded : ByteRange[243:246] [intr:म] [extr:म] [id: 24467] 
original: ByteRange[246:249] [intr:े] [extr:े] [mapped:े] [id: 24476] 
decoded : ByteRange[246:249] [intr:े] [extr:े] [id: 24476] 
original: ByteRange[249:252] [intr:ं] [extr:ं] [mapped:ं] [id: 24671] 
decoded : ByteRange[249:252] [intr:ं] [extr:ं] [id: 24671] 
original: ByteRange[252:253] [intr:▁] [extr: ] [mapped: ] [id: 55] 
decoded : ByteRange[252:253] [intr:▁] [extr: ] [id: 55] 
original: ByteRange[253:256] [intr:ऐ] [extr:ऐ] [mapped:ऐ] [id: 29880] 
decoded : ByteRange[253:256] [intr:ऐ] [extr:ऐ] [id: 29880] 
original: ByteRange[256:259] [intr:स] [extr:स] [mapped:स] [id: 24532] 
decoded : ByteRange[256:259] [intr:स] [extr:स] [id: 24532] 
original: ByteRange[259:262] [intr:ा] [extr:ा] [mapped:ा] [id: 24223] 
decoded : ByteRange[259:262] [intr:ा] [extr:ा] [id: 24223] 
original: ByteRange[262:263] [intr:▁] [extr: ] [mapped: ] [id: 55] 
decoded : ByteRange[262:263] [intr:▁] [extr: ] [id: 55] 
original: ByteRange[263:266] [intr:ह] [extr:ह] [mapped:ह] [id: 24708] 
decoded : ByteRange[263:266] [intr:ह] [extr:ह] [id: 24708] 
original: ByteRange[266:269] [intr:ी] [extr:ी] [mapped:ी] [id: 24479] 
decoded : ByteRange[266:269] [intr:ी] [extr:ी] [id: 24479] 

# Example 6
original: कुछ देखने को मिला, जिसे देखने के बाद हर कोई हैरान है.
decoded : कुछ देखने को मिला, जिसे देखने के बाद हर कोई हैरान है.
original: ByteRange[0:0] [intr:▁] [extr:] [mapped:] [id: 55] 
decoded : ByteRange[0:0] [intr:▁] [extr:] [id: 55] 
original: ByteRange[0:3] [intr:क] [extr:क] [mapped:क] [id: 24438] 
decoded : ByteRange[0:3] [intr:क] [extr:क] [id: 24438] 
original: ByteRange[3:6] [intr:ु] [extr:ु] [mapped:ु] [id: 24704] 
decoded : ByteRange[3:6] [intr:ु] [extr:ु] [id: 24704] 
original: ByteRange[6:9] [intr:छ] [extr:छ] [mapped:छ] [id: 27846] 
decoded : ByteRange[6:9] [intr:छ] [extr:छ] [id: 27846] 
original: ByteRange[9:10] [intr:▁] [extr: ] [mapped: ] [id: 55] 
decoded : ByteRange[9:10] [intr:▁] [extr: ] [id: 55] 
original: ByteRange[10:13] [intr:द] [extr:द] [mapped:द] [id: 24661] 
decoded : ByteRange[10:13] [intr:द] [extr:द] [id: 24661] 
original: ByteRange[13:16] [intr:े] [extr:े] [mapped:े] [id: 24476] 
decoded : ByteRange[13:16] [intr:े] [extr:े] [id: 24476] 
original: ByteRange[16:19] [intr:ख] [extr:ख] [mapped:ख] [id: 25440] 
decoded : ByteRange[16:19] [intr:ख] [extr:ख] [id: 25440] 
original: ByteRange[19:22] [intr:न] [extr:न] [mapped:न] [id: 24460] 
decoded : ByteRange[19:22] [intr:न] [extr:न] [id: 24460] 
original: ByteRange[22:25] [intr:े] [extr:े] [mapped:े] [id: 24476] 
decoded : ByteRange[22:25] [intr:े] [extr:े] [id: 24476] 
original: ByteRange[25:26] [intr:▁] [extr: ] [mapped: ] [id: 55] 
decoded : ByteRange[25:26] [intr:▁] [extr: ] [id: 55] 
original: ByteRange[26:29] [intr:क] [extr:क] [mapped:क] [id: 24438] 
decoded : ByteRange[26:29] [intr:क] [extr:क] [id: 24438] 
original: ByteRange[29:32] [intr:ो] [extr:ो] [mapped:ो] [id: 24877] 
decoded : ByteRange[29:32] [intr:ो] [extr:ो] [id: 24877] 
original: ByteRange[32:33] [intr:▁] [extr: ] [mapped: ] [id: 55] 
decoded : ByteRange[32:33] [intr:▁] [extr: ] [id: 55] 
original: ByteRange[33:36] [intr:म] [extr:म] [mapped:म] [id: 24467] 
decoded : ByteRange[33:36] [intr:म] [extr:म] [id: 24467] 
original: ByteRange[36:39] [intr:ि] [extr:ि] [mapped:ि] [id: 24428] 
decoded : ByteRange[36:39] [intr:ि] [extr:ि] [id: 24428] 
original: ByteRange[39:42] [intr:ल] [extr:ल] [mapped:ल] [id: 24589] 
decoded : ByteRange[39:42] [intr:ल] [extr:ल] [id: 24589] 
original: ByteRange[42:45] [intr:ा] [extr:ा] [mapped:ा] [id: 24223] 
decoded : ByteRange[42:45] [intr:ा] [extr:ा] [id: 24223] 
original: ByteRange[45:46] [intr:,] [extr:,] [mapped:,] [id: 3] 
decoded : ByteRange[45:46] [intr:,] [extr:,] [id: 3] 
original: ByteRange[46:47] [intr:▁] [extr: ] [mapped: ] [id: 55] 
decoded : ByteRange[46:47] [intr:▁] [extr: ] [id: 55] 
original: ByteRange[47:50] [intr:ज] [extr:ज] [mapped:ज] [id: 25178] 
decoded : ByteRange[47:50] [intr:ज] [extr:ज] [id: 25178] 
original: ByteRange[50:53] [intr:ि] [extr:ि] [mapped:ि] [id: 24428] 
decoded : ByteRange[50:53] [intr:ि] [extr:ि] [id: 24428] 
original: ByteRange[53:56] [intr:स] [extr:स] [mapped:स] [id: 24532] 
decoded : ByteRange[53:56] [intr:स] [extr:स] [id: 24532] 
original: ByteRange[56:59] [intr:े] [extr:े] [mapped:े] [id: 24476] 
decoded : ByteRange[56:59] [intr:े] [extr:े] [id: 24476] 
original: ByteRange[59:60] [intr:▁] [extr: ] [mapped: ] [id: 55] 
decoded : ByteRange[59:60] [intr:▁] [extr: ] [id: 55] 
original: ByteRange[60:63] [intr:द] [extr:द] [mapped:द] [id: 24661] 
decoded : ByteRange[60:63] [intr:द] [extr:द] [id: 24661] 
original: ByteRange[63:66] [intr:े] [extr:े] [mapped:े] [id: 24476] 
decoded : ByteRange[63:66] [intr:े] [extr:े] [id: 24476] 
original: ByteRange[66:69] [intr:ख] [extr:ख] [mapped:ख] [id: 25440] 
decoded : ByteRange[66:69] [intr:ख] [extr:ख] [id: 25440] 
original: ByteRange[69:72] [intr:न] [extr:न] [mapped:न] [id: 24460] 
decoded : ByteRange[69:72] [intr:न] [extr:न] [id: 24460] 
original: ByteRange[72:75] [intr:े] [extr:े] [mapped:े] [id: 24476] 
decoded : ByteRange[72:75] [intr:े] [extr:े] [id: 24476] 
original: ByteRange[75:76] [intr:▁] [extr: ] [mapped: ] [id: 55] 
decoded : ByteRange[75:76] [intr:▁] [extr: ] [id: 55] 
original: ByteRange[76:79] [intr:क] [extr:क] [mapped:क] [id: 24438] 
decoded : ByteRange[76:79] [intr:क] [extr:क] [id: 24438] 
original: ByteRange[79:82] [intr:े] [extr:े] [mapped:े] [id: 24476] 
decoded : ByteRange[79:82] [intr:े] [extr:े] [id: 24476] 
original: ByteRange[82:83] [intr:▁] [extr: ] [mapped: ] [id: 55] 
decoded : ByteRange[82:83] [intr:▁] [extr: ] [id: 55] 
original: ByteRange[83:86] [intr:ब] [extr:ब] [mapped:ब] [id: 25176] 
decoded : ByteRange[83:86] [intr:ब] [extr:ब] [id: 25176] 
original: ByteRange[86:89] [intr:ा] [extr:ा] [mapped:ा] [id: 24223] 
decoded : ByteRange[86:89] [intr:ा] [extr:ा] [id: 24223] 
original: ByteRange[89:92] [intr:द] [extr:द] [mapped:द] [id: 24661] 
decoded : ByteRange[89:92] [intr:द] [extr:द] [id: 24661] 
original: ByteRange[92:93] [intr:▁] [extr: ] [mapped: ] [id: 55] 
decoded : ByteRange[92:93] [intr:▁] [extr: ] [id: 55] 
original: ByteRange[93:96] [intr:ह] [extr:ह] [mapped:ह] [id: 24708] 
decoded : ByteRange[93:96] [intr:ह] [extr:ह] [id: 24708] 
original: ByteRange[96:99] [intr:र] [extr:र] [mapped:र] [id: 24296] 
decoded : ByteRange[96:99] [intr:र] [extr:र] [id: 24296] 
original: ByteRange[99:100] [intr:▁] [extr: ] [mapped: ] [id: 55] 
decoded : ByteRange[99:100] [intr:▁] [extr: ] [id: 55] 
original: ByteRange[100:103] [intr:क] [extr:क] [mapped:क] [id: 24438] 
decoded : ByteRange[100:103] [intr:क] [extr:क] [id: 24438] 
original: ByteRange[103:106] [intr:ो] [extr:ो] [mapped:ो] [id: 24877] 
decoded : ByteRange[103:106] [intr:ो] [extr:ो] [id: 24877] 
original: ByteRange[106:109] [intr:ई] [extr:ई] [mapped:ई] [id: 27716] 
decoded : ByteRange[106:109] [intr:ई] [extr:ई] [id: 27716] 
original: ByteRange[109:110] [intr:▁] [extr: ] [mapped: ] [id: 55] 
decoded : ByteRange[109:110] [intr:▁] [extr: ] [id: 55] 
original: ByteRange[110:113] [intr:ह] [extr:ह] [mapped:ह] [id: 24708] 
decoded : ByteRange[110:113] [intr:ह] [extr:ह] [id: 24708] 
original: ByteRange[113:116] [intr:ै] [extr:ै] [mapped:ै] [id: 25597] 
decoded : ByteRange[113:116] [intr:ै] [extr:ै] [id: 25597] 
original: ByteRange[116:119] [intr:र] [extr:र] [mapped:र] [id: 24296] 
decoded : ByteRange[116:119] [intr:र] [extr:र] [id: 24296] 
original: ByteRange[119:122] [intr:ा] [extr:ा] [mapped:ा] [id: 24223] 
decoded : ByteRange[119:122] [intr:ा] [extr:ा] [id: 24223] 
original: ByteRange[122:125] [intr:न] [extr:न] [mapped:न] [id: 24460] 
decoded : ByteRange[122:125] [intr:न] [extr:न] [id: 24460] 
original: ByteRange[125:126] [intr:▁] [extr: ] [mapped: ] [id: 55] 
decoded : ByteRange[125:126] [intr:▁] [extr: ] [id: 55] 
original: ByteRange[126:129] [intr:ह] [extr:ह] [mapped:ह] [id: 24708] 
decoded : ByteRange[126:129] [intr:ह] [extr:ह] [id: 24708] 
original: ByteRange[129:132] [intr:ै] [extr:ै] [mapped:ै] [id: 25597] 
decoded : ByteRange[129:132] [intr:ै] [extr:ै] [id: 25597] 
original: ByteRange[132:133] [intr:.] [extr:.] [mapped:.] [id: 5] 
decoded : ByteRange[132:133] [intr:.] [extr:.] [id: 5] 

# Example 7
original: 
decoded : 

